2025-05-20 13:41:41,641 - INFO - 数据库已初始化
2025-05-20 13:42:31,544 - INFO - off
2025-05-20 13:42:39,746 - INFO - 数据库已初始化
2025-05-20 13:43:45,448 - INFO - 任务 36fa584a-2ccb-4497-af3a-38b13d524baf 添加到数据库，task_id: 1
2025-05-20 13:43:46,454 - INFO - 任务 36fa584a-2ccb-4497-af3a-38b13d524baf 状态更新为 running
2025-05-20 13:43:46,496 - INFO - 处理任务36fa584a-2ccb-4497-af3a-38b13d524baf
2025-05-20 13:44:00,765 - INFO - 复制文件到服务器路径: D:\heygem_data\face2face\temp\lao.wav, D:\heygem_data\face2face\temp\lao.mp4
2025-05-20 13:44:00,858 - INFO - 正在提交任务 36fa584a-2ccb-4497-af3a-38b13d524baf到服务器
2025-05-20 13:44:00,859 - INFO - 任务 36fa584a-2ccb-4497-af3a-38b13d524baf 成功提交
2025-05-20 13:44:03,878 - WARNING - 接口返回 /easy/query, Content-Type 非标准(text/html; charset=utf-8)，尝试手动解析 JSON，内容: {
    "code": 10000,
    "data": {
        "code": "36fa584a-2ccb-4497-af3a-38b13d524baf",
        "msg": "文件下载完成",
        "progress": 10,
        "result": "",
        "status": 1
    },
    "msg": "",
    "success": true
}
2025-05-20 13:44:03,880 - INFO - Task 36fa584a-2ccb-4497-af3a-38b13d524baf 未完成, msg: 文件下载完成, retrying...
2025-05-20 13:44:11,909 - WARNING - 接口返回 /easy/query, Content-Type 非标准(text/html; charset=utf-8)，尝试手动解析 JSON，内容: {
    "code": 10000,
    "data": {
        "code": "36fa584a-2ccb-4497-af3a-38b13d524baf",
        "msg": "音频特征提取完成",
        "progress": 20,
        "result": "",
        "status": 1
    },
    "msg": "",
    "success": true
}
2025-05-20 13:44:11,911 - INFO - Task 36fa584a-2ccb-4497-af3a-38b13d524baf 未完成, msg: 音频特征提取完成, retrying...
2025-05-20 13:44:19,909 - WARNING - 接口返回 /easy/query, Content-Type 非标准(text/html; charset=utf-8)，尝试手动解析 JSON，内容: {
    "code": 10000,
    "data": {
        "code": "36fa584a-2ccb-4497-af3a-38b13d524baf",
        "msg": "音频特征提取完成",
        "progress": 20,
        "result": "",
        "status": 1
    },
    "msg": "",
    "success": true
}
2025-05-20 13:44:19,909 - INFO - Task 36fa584a-2ccb-4497-af3a-38b13d524baf 未完成, msg: 音频特征提取完成, retrying...
2025-05-20 13:44:21,665 - INFO - 任务 3ecbc45c-4971-4324-b82a-4ba5fa1c431b 添加到数据库，task_id: 2
2025-05-20 13:44:27,939 - WARNING - 接口返回 /easy/query, Content-Type 非标准(text/html; charset=utf-8)，尝试手动解析 JSON，内容: {
    "code": 10000,
    "data": {
        "code": "36fa584a-2ccb-4497-af3a-38b13d524baf",
        "msg": "音频特征提取完成",
        "progress": 20,
        "result": "",
        "status": 1
    },
    "msg": "",
    "success": true
}
2025-05-20 13:44:27,940 - INFO - Task 36fa584a-2ccb-4497-af3a-38b13d524baf 未完成, msg: 音频特征提取完成, retrying...
2025-05-20 13:44:31,828 - INFO - 任务 467e1e37-087a-4fb1-bfe8-89e0e689a271 添加到数据库，task_id: 3
2025-05-20 13:44:35,947 - WARNING - 接口返回 /easy/query, Content-Type 非标准(text/html; charset=utf-8)，尝试手动解析 JSON，内容: {
    "code": 10000,
    "data": {
        "code": "36fa584a-2ccb-4497-af3a-38b13d524baf",
        "msg": "音频特征提取完成",
        "progress": 20,
        "result": "",
        "status": 1
    },
    "msg": "",
    "success": true
}
2025-05-20 13:44:35,947 - INFO - Task 36fa584a-2ccb-4497-af3a-38b13d524baf 未完成, msg: 音频特征提取完成, retrying...
2025-05-20 13:44:43,972 - WARNING - 接口返回 /easy/query, Content-Type 非标准(text/html; charset=utf-8)，尝试手动解析 JSON，内容: {
    "code": 10000,
    "data": {
        "code": "36fa584a-2ccb-4497-af3a-38b13d524baf",
        "msg": "音频特征提取完成",
        "progress": 20,
        "result": "",
        "status": 1
    },
    "msg": "",
    "success": true
}
2025-05-20 13:44:43,973 - INFO - Task 36fa584a-2ccb-4497-af3a-38b13d524baf 未完成, msg: 音频特征提取完成, retrying...
2025-05-20 13:44:51,982 - WARNING - 接口返回 /easy/query, Content-Type 非标准(text/html; charset=utf-8)，尝试手动解析 JSON，内容: {
    "code": 10000,
    "data": {
        "code": "36fa584a-2ccb-4497-af3a-38b13d524baf",
        "msg": "音频特征提取完成",
        "progress": 20,
        "result": "",
        "status": 1
    },
    "msg": "",
    "success": true
}
2025-05-20 13:44:51,983 - INFO - Task 36fa584a-2ccb-4497-af3a-38b13d524baf 未完成, msg: 音频特征提取完成, retrying...
2025-05-20 13:45:00,009 - WARNING - 接口返回 /easy/query, Content-Type 非标准(text/html; charset=utf-8)，尝试手动解析 JSON，内容: {
    "code": 10000,
    "data": {
        "code": "36fa584a-2ccb-4497-af3a-38b13d524baf",
        "msg": "音频特征提取完成",
        "progress": 20,
        "result": "",
        "status": 1
    },
    "msg": "",
    "success": true
}
2025-05-20 13:45:00,010 - INFO - Task 36fa584a-2ccb-4497-af3a-38b13d524baf 未完成, msg: 音频特征提取完成, retrying...
2025-05-20 13:45:08,056 - WARNING - 接口返回 /easy/query, Content-Type 非标准(text/html; charset=utf-8)，尝试手动解析 JSON，内容: {
    "code": 10000,
    "data": {
        "code": "36fa584a-2ccb-4497-af3a-38b13d524baf",
        "msg": "音频特征提取完成",
        "progress": 20,
        "result": "",
        "status": 1
    },
    "msg": "",
    "success": true
}
2025-05-20 13:45:08,057 - INFO - Task 36fa584a-2ccb-4497-af3a-38b13d524baf 未完成, msg: 音频特征提取完成, retrying...
2025-05-20 13:45:16,101 - WARNING - 接口返回 /easy/query, Content-Type 非标准(text/html; charset=utf-8)，尝试手动解析 JSON，内容: {
    "code": 10000,
    "data": {
        "code": "36fa584a-2ccb-4497-af3a-38b13d524baf",
        "msg": "音频特征提取完成",
        "progress": 20,
        "result": "",
        "status": 1
    },
    "msg": "",
    "success": true
}
2025-05-20 13:45:16,102 - INFO - Task 36fa584a-2ccb-4497-af3a-38b13d524baf 未完成, msg: 音频特征提取完成, retrying...
2025-05-20 13:45:24,107 - WARNING - 接口返回 /easy/query, Content-Type 非标准(text/html; charset=utf-8)，尝试手动解析 JSON，内容: {
    "code": 10000,
    "data": {
        "code": "36fa584a-2ccb-4497-af3a-38b13d524baf",
        "msg": "音频特征提取完成",
        "progress": 20,
        "result": "",
        "status": 1
    },
    "msg": "",
    "success": true
}
2025-05-20 13:45:24,108 - INFO - Task 36fa584a-2ccb-4497-af3a-38b13d524baf 未完成, msg: 音频特征提取完成, retrying...
2025-05-20 13:45:32,151 - WARNING - 接口返回 /easy/query, Content-Type 非标准(text/html; charset=utf-8)，尝试手动解析 JSON，内容: {
    "code": 10000,
    "data": {
        "code": "36fa584a-2ccb-4497-af3a-38b13d524baf",
        "msg": "音频特征提取完成",
        "progress": 20,
        "result": "",
        "status": 1
    },
    "msg": "",
    "success": true
}
2025-05-20 13:45:32,151 - INFO - Task 36fa584a-2ccb-4497-af3a-38b13d524baf 未完成, msg: 音频特征提取完成, retrying...
2025-05-20 13:45:40,203 - WARNING - 接口返回 /easy/query, Content-Type 非标准(text/html; charset=utf-8)，尝试手动解析 JSON，内容: {
    "code": 10000,
    "data": {
        "code": "36fa584a-2ccb-4497-af3a-38b13d524baf",
        "msg": "音频特征提取完成",
        "progress": 20,
        "result": "",
        "status": 1
    },
    "msg": "",
    "success": true
}
2025-05-20 13:45:40,204 - INFO - Task 36fa584a-2ccb-4497-af3a-38b13d524baf 未完成, msg: 音频特征提取完成, retrying...
2025-05-20 13:45:48,225 - WARNING - 接口返回 /easy/query, Content-Type 非标准(text/html; charset=utf-8)，尝试手动解析 JSON，内容: {
    "code": 10000,
    "data": {
        "code": "36fa584a-2ccb-4497-af3a-38b13d524baf",
        "msg": "音频特征提取完成",
        "progress": 20,
        "result": "",
        "status": 1
    },
    "msg": "",
    "success": true
}
2025-05-20 13:45:48,226 - INFO - Task 36fa584a-2ccb-4497-af3a-38b13d524baf 未完成, msg: 音频特征提取完成, retrying...
2025-05-20 13:45:56,249 - WARNING - 接口返回 /easy/query, Content-Type 非标准(text/html; charset=utf-8)，尝试手动解析 JSON，内容: {
    "code": 10000,
    "data": {
        "code": "36fa584a-2ccb-4497-af3a-38b13d524baf",
        "msg": "音频特征提取完成",
        "progress": 20,
        "result": "",
        "status": 1
    },
    "msg": "",
    "success": true
}
2025-05-20 13:45:56,250 - INFO - Task 36fa584a-2ccb-4497-af3a-38b13d524baf 未完成, msg: 音频特征提取完成, retrying...
2025-05-20 13:46:04,274 - WARNING - 接口返回 /easy/query, Content-Type 非标准(text/html; charset=utf-8)，尝试手动解析 JSON，内容: {
    "code": 10000,
    "data": {
        "code": "36fa584a-2ccb-4497-af3a-38b13d524baf",
        "msg": "音频特征提取完成",
        "progress": 20,
        "result": "",
        "status": 1
    },
    "msg": "",
    "success": true
}
2025-05-20 13:46:04,274 - INFO - Task 36fa584a-2ccb-4497-af3a-38b13d524baf 未完成, msg: 音频特征提取完成, retrying...
2025-05-20 13:46:12,282 - WARNING - 接口返回 /easy/query, Content-Type 非标准(text/html; charset=utf-8)，尝试手动解析 JSON，内容: {
    "code": 10000,
    "data": {
        "code": "36fa584a-2ccb-4497-af3a-38b13d524baf",
        "msg": "音频特征提取完成",
        "progress": 20,
        "result": "",
        "status": 1
    },
    "msg": "",
    "success": true
}
2025-05-20 13:46:12,282 - INFO - Task 36fa584a-2ccb-4497-af3a-38b13d524baf 未完成, msg: 音频特征提取完成, retrying...
2025-05-20 13:46:20,291 - WARNING - 接口返回 /easy/query, Content-Type 非标准(text/html; charset=utf-8)，尝试手动解析 JSON，内容: {
    "code": 10000,
    "data": {
        "code": "36fa584a-2ccb-4497-af3a-38b13d524baf",
        "msg": "音频特征提取完成",
        "progress": 20,
        "result": "",
        "status": 1
    },
    "msg": "",
    "success": true
}
2025-05-20 13:46:20,292 - INFO - Task 36fa584a-2ccb-4497-af3a-38b13d524baf 未完成, msg: 音频特征提取完成, retrying...
2025-05-20 13:46:28,312 - WARNING - 接口返回 /easy/query, Content-Type 非标准(text/html; charset=utf-8)，尝试手动解析 JSON，内容: {
    "code": 10000,
    "data": {
        "code": "36fa584a-2ccb-4497-af3a-38b13d524baf",
        "msg": "音频特征提取完成",
        "progress": 20,
        "result": "",
        "status": 1
    },
    "msg": "",
    "success": true
}
2025-05-20 13:46:28,312 - INFO - Task 36fa584a-2ccb-4497-af3a-38b13d524baf 未完成, msg: 音频特征提取完成, retrying...
2025-05-20 13:46:36,352 - WARNING - 接口返回 /easy/query, Content-Type 非标准(text/html; charset=utf-8)，尝试手动解析 JSON，内容: {
    "code": 10000,
    "data": {
        "code": "36fa584a-2ccb-4497-af3a-38b13d524baf",
        "msg": "音频特征提取完成",
        "progress": 20,
        "result": "",
        "status": 1
    },
    "msg": "",
    "success": true
}
2025-05-20 13:46:36,353 - INFO - Task 36fa584a-2ccb-4497-af3a-38b13d524baf 未完成, msg: 音频特征提取完成, retrying...
2025-05-20 13:46:44,368 - WARNING - 接口返回 /easy/query, Content-Type 非标准(text/html; charset=utf-8)，尝试手动解析 JSON，内容: {
    "code": 10000,
    "data": {
        "code": "36fa584a-2ccb-4497-af3a-38b13d524baf",
        "msg": "音频特征提取完成",
        "progress": 20,
        "result": "",
        "status": 1
    },
    "msg": "",
    "success": true
}
2025-05-20 13:46:44,369 - INFO - Task 36fa584a-2ccb-4497-af3a-38b13d524baf 未完成, msg: 音频特征提取完成, retrying...
2025-05-20 13:46:52,389 - WARNING - 接口返回 /easy/query, Content-Type 非标准(text/html; charset=utf-8)，尝试手动解析 JSON，内容: {
    "code": 10000,
    "data": {
        "code": "36fa584a-2ccb-4497-af3a-38b13d524baf",
        "msg": "音频特征提取完成",
        "progress": 20,
        "result": "",
        "status": 1
    },
    "msg": "",
    "success": true
}
2025-05-20 13:46:52,390 - INFO - Task 36fa584a-2ccb-4497-af3a-38b13d524baf 未完成, msg: 音频特征提取完成, retrying...
2025-05-20 13:47:00,409 - WARNING - 接口返回 /easy/query, Content-Type 非标准(text/html; charset=utf-8)，尝试手动解析 JSON，内容: {
    "code": 10000,
    "data": {
        "code": "36fa584a-2ccb-4497-af3a-38b13d524baf",
        "msg": "音频特征提取完成",
        "progress": 20,
        "result": "",
        "status": 1
    },
    "msg": "",
    "success": true
}
2025-05-20 13:47:00,410 - INFO - Task 36fa584a-2ccb-4497-af3a-38b13d524baf 未完成, msg: 音频特征提取完成, retrying...
2025-05-20 13:47:08,423 - WARNING - 接口返回 /easy/query, Content-Type 非标准(text/html; charset=utf-8)，尝试手动解析 JSON，内容: {
    "code": 10000,
    "data": {
        "code": "36fa584a-2ccb-4497-af3a-38b13d524baf",
        "msg": "音频特征提取完成",
        "progress": 20,
        "result": "",
        "status": 1
    },
    "msg": "",
    "success": true
}
2025-05-20 13:47:08,424 - INFO - Task 36fa584a-2ccb-4497-af3a-38b13d524baf 未完成, msg: 音频特征提取完成, retrying...
2025-05-20 13:47:16,447 - WARNING - 接口返回 /easy/query, Content-Type 非标准(text/html; charset=utf-8)，尝试手动解析 JSON，内容: {
    "code": 10000,
    "data": {
        "code": "36fa584a-2ccb-4497-af3a-38b13d524baf",
        "msg": "音频特征提取完成",
        "progress": 20,
        "result": "",
        "status": 1
    },
    "msg": "",
    "success": true
}
2025-05-20 13:47:16,449 - INFO - Task 36fa584a-2ccb-4497-af3a-38b13d524baf 未完成, msg: 音频特征提取完成, retrying...
2025-05-20 13:47:24,475 - WARNING - 接口返回 /easy/query, Content-Type 非标准(text/html; charset=utf-8)，尝试手动解析 JSON，内容: {
    "code": 10000,
    "data": {
        "code": "36fa584a-2ccb-4497-af3a-38b13d524baf",
        "msg": "任务完成",
        "progress": 100,
        "result": "/36fa584a-2ccb-4497-af3a-38b13d524baf-r.mp4",
        "status": 2
    },
    "msg": "",
    "success": true
}
2025-05-20 13:47:24,478 - INFO - 任务 36fa584a-2ccb-4497-af3a-38b13d524baf 状态更新为 success
2025-05-20 13:47:24,560 - INFO - 任务 36fa584a-2ccb-4497-af3a-38b13d524baf 的完成时间已更新
2025-05-20 13:47:24,560 - INFO - 任务 36fa584a-2ccb-4497-af3a-38b13d524baf 已完成，稍后上传服务器 和回调
2025-05-20 13:47:26,303 - INFO - 文件上传成功
2025-05-20 13:47:26,330 - INFO - 清理文件: D:\heygem_data\face2face\temp\lao.wav, D:\heygem_data\face2face\temp\lao.mp4
2025-05-20 13:47:27,337 - INFO - 任务 3ecbc45c-4971-4324-b82a-4ba5fa1c431b 状态更新为 running
2025-05-20 13:47:27,390 - INFO - 处理任务3ecbc45c-4971-4324-b82a-4ba5fa1c431b
2025-05-20 13:47:29,382 - INFO - 复制文件到服务器路径: D:\heygem_data\face2face\temp\nan.wav, D:\heygem_data\face2face\temp\nan.mp4
2025-05-20 13:47:29,471 - INFO - 正在提交任务 3ecbc45c-4971-4324-b82a-4ba5fa1c431b到服务器
2025-05-20 13:47:29,472 - INFO - 任务 3ecbc45c-4971-4324-b82a-4ba5fa1c431b 成功提交
2025-05-20 13:47:32,484 - WARNING - 接口返回 /easy/query, Content-Type 非标准(text/html; charset=utf-8)，尝试手动解析 JSON，内容: {
    "code": 10000,
    "data": {
        "code": "3ecbc45c-4971-4324-b82a-4ba5fa1c431b",
        "msg": "音频特征提取完成",
        "progress": 20,
        "result": "",
        "status": 1
    },
    "msg": "",
    "success": true
}
2025-05-20 13:47:32,485 - INFO - Task 3ecbc45c-4971-4324-b82a-4ba5fa1c431b 未完成, msg: 音频特征提取完成, retrying...
2025-05-20 13:47:40,514 - WARNING - 接口返回 /easy/query, Content-Type 非标准(text/html; charset=utf-8)，尝试手动解析 JSON，内容: {
    "code": 10000,
    "data": {
        "code": "3ecbc45c-4971-4324-b82a-4ba5fa1c431b",
        "msg": "音频特征提取完成",
        "progress": 20,
        "result": "",
        "status": 1
    },
    "msg": "",
    "success": true
}
2025-05-20 13:47:40,514 - INFO - Task 3ecbc45c-4971-4324-b82a-4ba5fa1c431b 未完成, msg: 音频特征提取完成, retrying...
2025-05-20 13:47:48,509 - WARNING - 接口返回 /easy/query, Content-Type 非标准(text/html; charset=utf-8)，尝试手动解析 JSON，内容: {
    "code": 10000,
    "data": {
        "code": "3ecbc45c-4971-4324-b82a-4ba5fa1c431b",
        "msg": "音频特征提取完成",
        "progress": 20,
        "result": "",
        "status": 1
    },
    "msg": "",
    "success": true
}
2025-05-20 13:47:48,510 - INFO - Task 3ecbc45c-4971-4324-b82a-4ba5fa1c431b 未完成, msg: 音频特征提取完成, retrying...
2025-05-20 13:47:56,531 - WARNING - 接口返回 /easy/query, Content-Type 非标准(text/html; charset=utf-8)，尝试手动解析 JSON，内容: {
    "code": 10000,
    "data": {
        "code": "3ecbc45c-4971-4324-b82a-4ba5fa1c431b",
        "msg": "音频特征提取完成",
        "progress": 20,
        "result": "",
        "status": 1
    },
    "msg": "",
    "success": true
}
2025-05-20 13:47:56,531 - INFO - Task 3ecbc45c-4971-4324-b82a-4ba5fa1c431b 未完成, msg: 音频特征提取完成, retrying...
2025-05-20 13:48:04,547 - WARNING - 接口返回 /easy/query, Content-Type 非标准(text/html; charset=utf-8)，尝试手动解析 JSON，内容: {
    "code": 10000,
    "data": {
        "code": "3ecbc45c-4971-4324-b82a-4ba5fa1c431b",
        "msg": "音频特征提取完成",
        "progress": 20,
        "result": "",
        "status": 1
    },
    "msg": "",
    "success": true
}
2025-05-20 13:48:04,548 - INFO - Task 3ecbc45c-4971-4324-b82a-4ba5fa1c431b 未完成, msg: 音频特征提取完成, retrying...
2025-05-20 13:48:12,551 - WARNING - 接口返回 /easy/query, Content-Type 非标准(text/html; charset=utf-8)，尝试手动解析 JSON，内容: {
    "code": 10000,
    "data": {
        "code": "3ecbc45c-4971-4324-b82a-4ba5fa1c431b",
        "msg": "音频特征提取完成",
        "progress": 20,
        "result": "",
        "status": 1
    },
    "msg": "",
    "success": true
}
2025-05-20 13:48:12,552 - INFO - Task 3ecbc45c-4971-4324-b82a-4ba5fa1c431b 未完成, msg: 音频特征提取完成, retrying...
2025-05-20 13:48:20,575 - WARNING - 接口返回 /easy/query, Content-Type 非标准(text/html; charset=utf-8)，尝试手动解析 JSON，内容: {
    "code": 10000,
    "data": {
        "code": "3ecbc45c-4971-4324-b82a-4ba5fa1c431b",
        "msg": "音频特征提取完成",
        "progress": 20,
        "result": "",
        "status": 1
    },
    "msg": "",
    "success": true
}
2025-05-20 13:48:20,576 - INFO - Task 3ecbc45c-4971-4324-b82a-4ba5fa1c431b 未完成, msg: 音频特征提取完成, retrying...
2025-05-20 13:48:28,584 - WARNING - 接口返回 /easy/query, Content-Type 非标准(text/html; charset=utf-8)，尝试手动解析 JSON，内容: {
    "code": 10000,
    "data": {
        "code": "3ecbc45c-4971-4324-b82a-4ba5fa1c431b",
        "msg": "音频特征提取完成",
        "progress": 20,
        "result": "",
        "status": 1
    },
    "msg": "",
    "success": true
}
2025-05-20 13:48:28,585 - INFO - Task 3ecbc45c-4971-4324-b82a-4ba5fa1c431b 未完成, msg: 音频特征提取完成, retrying...
2025-05-20 13:48:36,602 - WARNING - 接口返回 /easy/query, Content-Type 非标准(text/html; charset=utf-8)，尝试手动解析 JSON，内容: {
    "code": 10000,
    "data": {
        "code": "3ecbc45c-4971-4324-b82a-4ba5fa1c431b",
        "msg": "音频特征提取完成",
        "progress": 20,
        "result": "",
        "status": 1
    },
    "msg": "",
    "success": true
}
2025-05-20 13:48:36,602 - INFO - Task 3ecbc45c-4971-4324-b82a-4ba5fa1c431b 未完成, msg: 音频特征提取完成, retrying...
2025-05-20 13:48:44,613 - WARNING - 接口返回 /easy/query, Content-Type 非标准(text/html; charset=utf-8)，尝试手动解析 JSON，内容: {
    "code": 10000,
    "data": {
        "code": "3ecbc45c-4971-4324-b82a-4ba5fa1c431b",
        "msg": "任务完成",
        "progress": 100,
        "result": "/3ecbc45c-4971-4324-b82a-4ba5fa1c431b-r.mp4",
        "status": 2
    },
    "msg": "",
    "success": true
}
2025-05-20 13:48:44,616 - INFO - 任务 3ecbc45c-4971-4324-b82a-4ba5fa1c431b 状态更新为 success
2025-05-20 13:48:44,845 - INFO - 任务 3ecbc45c-4971-4324-b82a-4ba5fa1c431b 的完成时间已更新
2025-05-20 13:48:44,845 - INFO - 任务 3ecbc45c-4971-4324-b82a-4ba5fa1c431b 已完成，稍后上传服务器 和回调
2025-05-20 13:48:45,183 - INFO - 文件上传成功
2025-05-20 13:48:45,185 - INFO - 清理文件: D:\heygem_data\face2face\temp\nan.wav, D:\heygem_data\face2face\temp\nan.mp4
2025-05-20 13:48:46,192 - INFO - 任务 467e1e37-087a-4fb1-bfe8-89e0e689a271 状态更新为 running
2025-05-20 13:48:46,251 - INFO - 处理任务467e1e37-087a-4fb1-bfe8-89e0e689a271
2025-05-20 13:48:54,920 - INFO - 复制文件到服务器路径: D:\heygem_data\face2face\temp\nv.wav, D:\heygem_data\face2face\temp\nv.mp4
2025-05-20 13:48:55,015 - INFO - 正在提交任务 467e1e37-087a-4fb1-bfe8-89e0e689a271到服务器
2025-05-20 13:48:55,015 - INFO - 任务 467e1e37-087a-4fb1-bfe8-89e0e689a271 成功提交
2025-05-20 13:48:58,036 - WARNING - 接口返回 /easy/query, Content-Type 非标准(text/html; charset=utf-8)，尝试手动解析 JSON，内容: {
    "code": 10000,
    "data": {
        "code": "467e1e37-087a-4fb1-bfe8-89e0e689a271",
        "msg": "音频特征提取完成",
        "progress": 20,
        "result": "",
        "status": 1
    },
    "msg": "",
    "success": true
}
2025-05-20 13:48:58,037 - INFO - Task 467e1e37-087a-4fb1-bfe8-89e0e689a271 未完成, msg: 音频特征提取完成, retrying...
2025-05-20 13:49:06,035 - WARNING - 接口返回 /easy/query, Content-Type 非标准(text/html; charset=utf-8)，尝试手动解析 JSON，内容: {
    "code": 10000,
    "data": {
        "code": "467e1e37-087a-4fb1-bfe8-89e0e689a271",
        "msg": "音频特征提取完成",
        "progress": 20,
        "result": "",
        "status": 1
    },
    "msg": "",
    "success": true
}
2025-05-20 13:49:06,036 - INFO - Task 467e1e37-087a-4fb1-bfe8-89e0e689a271 未完成, msg: 音频特征提取完成, retrying...
2025-05-20 13:49:14,055 - WARNING - 接口返回 /easy/query, Content-Type 非标准(text/html; charset=utf-8)，尝试手动解析 JSON，内容: {
    "code": 10000,
    "data": {
        "code": "467e1e37-087a-4fb1-bfe8-89e0e689a271",
        "msg": "音频特征提取完成",
        "progress": 20,
        "result": "",
        "status": 1
    },
    "msg": "",
    "success": true
}
2025-05-20 13:49:14,055 - INFO - Task 467e1e37-087a-4fb1-bfe8-89e0e689a271 未完成, msg: 音频特征提取完成, retrying...
2025-05-20 13:49:22,075 - WARNING - 接口返回 /easy/query, Content-Type 非标准(text/html; charset=utf-8)，尝试手动解析 JSON，内容: {
    "code": 10000,
    "data": {
        "code": "467e1e37-087a-4fb1-bfe8-89e0e689a271",
        "msg": "音频特征提取完成",
        "progress": 20,
        "result": "",
        "status": 1
    },
    "msg": "",
    "success": true
}
2025-05-20 13:49:22,075 - INFO - Task 467e1e37-087a-4fb1-bfe8-89e0e689a271 未完成, msg: 音频特征提取完成, retrying...
2025-05-20 13:49:30,092 - WARNING - 接口返回 /easy/query, Content-Type 非标准(text/html; charset=utf-8)，尝试手动解析 JSON，内容: {
    "code": 10000,
    "data": {
        "code": "467e1e37-087a-4fb1-bfe8-89e0e689a271",
        "msg": "音频特征提取完成",
        "progress": 20,
        "result": "",
        "status": 1
    },
    "msg": "",
    "success": true
}
2025-05-20 13:49:30,092 - INFO - Task 467e1e37-087a-4fb1-bfe8-89e0e689a271 未完成, msg: 音频特征提取完成, retrying...
2025-05-20 13:49:38,134 - WARNING - 接口返回 /easy/query, Content-Type 非标准(text/html; charset=utf-8)，尝试手动解析 JSON，内容: {
    "code": 10000,
    "data": {
        "code": "467e1e37-087a-4fb1-bfe8-89e0e689a271",
        "msg": "音频特征提取完成",
        "progress": 20,
        "result": "",
        "status": 1
    },
    "msg": "",
    "success": true
}
2025-05-20 13:49:38,135 - INFO - Task 467e1e37-087a-4fb1-bfe8-89e0e689a271 未完成, msg: 音频特征提取完成, retrying...
2025-05-20 13:49:46,153 - WARNING - 接口返回 /easy/query, Content-Type 非标准(text/html; charset=utf-8)，尝试手动解析 JSON，内容: {
    "code": 10000,
    "data": {
        "code": "467e1e37-087a-4fb1-bfe8-89e0e689a271",
        "msg": "音频特征提取完成",
        "progress": 20,
        "result": "",
        "status": 1
    },
    "msg": "",
    "success": true
}
2025-05-20 13:49:46,154 - INFO - Task 467e1e37-087a-4fb1-bfe8-89e0e689a271 未完成, msg: 音频特征提取完成, retrying...
2025-05-20 13:49:54,159 - WARNING - 接口返回 /easy/query, Content-Type 非标准(text/html; charset=utf-8)，尝试手动解析 JSON，内容: {
    "code": 10000,
    "data": {
        "code": "467e1e37-087a-4fb1-bfe8-89e0e689a271",
        "msg": "音频特征提取完成",
        "progress": 20,
        "result": "",
        "status": 1
    },
    "msg": "",
    "success": true
}
2025-05-20 13:49:54,160 - INFO - Task 467e1e37-087a-4fb1-bfe8-89e0e689a271 未完成, msg: 音频特征提取完成, retrying...
2025-05-20 13:50:02,168 - WARNING - 接口返回 /easy/query, Content-Type 非标准(text/html; charset=utf-8)，尝试手动解析 JSON，内容: {
    "code": 10000,
    "data": {
        "code": "467e1e37-087a-4fb1-bfe8-89e0e689a271",
        "msg": "音频特征提取完成",
        "progress": 20,
        "result": "",
        "status": 1
    },
    "msg": "",
    "success": true
}
2025-05-20 13:50:02,169 - INFO - Task 467e1e37-087a-4fb1-bfe8-89e0e689a271 未完成, msg: 音频特征提取完成, retrying...
2025-05-20 13:50:10,188 - WARNING - 接口返回 /easy/query, Content-Type 非标准(text/html; charset=utf-8)，尝试手动解析 JSON，内容: {
    "code": 10000,
    "data": {
        "code": "467e1e37-087a-4fb1-bfe8-89e0e689a271",
        "msg": "音频特征提取完成",
        "progress": 20,
        "result": "",
        "status": 1
    },
    "msg": "",
    "success": true
}
2025-05-20 13:50:10,189 - INFO - Task 467e1e37-087a-4fb1-bfe8-89e0e689a271 未完成, msg: 音频特征提取完成, retrying...
2025-05-20 13:50:18,205 - WARNING - 接口返回 /easy/query, Content-Type 非标准(text/html; charset=utf-8)，尝试手动解析 JSON，内容: {
    "code": 10000,
    "data": {
        "code": "467e1e37-087a-4fb1-bfe8-89e0e689a271",
        "msg": "音频特征提取完成",
        "progress": 20,
        "result": "",
        "status": 1
    },
    "msg": "",
    "success": true
}
2025-05-20 13:50:18,206 - INFO - Task 467e1e37-087a-4fb1-bfe8-89e0e689a271 未完成, msg: 音频特征提取完成, retrying...
2025-05-20 13:50:26,216 - WARNING - 接口返回 /easy/query, Content-Type 非标准(text/html; charset=utf-8)，尝试手动解析 JSON，内容: {
    "code": 10000,
    "data": {
        "code": "467e1e37-087a-4fb1-bfe8-89e0e689a271",
        "msg": "音频特征提取完成",
        "progress": 20,
        "result": "",
        "status": 1
    },
    "msg": "",
    "success": true
}
2025-05-20 13:50:26,217 - INFO - Task 467e1e37-087a-4fb1-bfe8-89e0e689a271 未完成, msg: 音频特征提取完成, retrying...
2025-05-20 13:50:34,229 - WARNING - 接口返回 /easy/query, Content-Type 非标准(text/html; charset=utf-8)，尝试手动解析 JSON，内容: {
    "code": 10000,
    "data": {
        "code": "467e1e37-087a-4fb1-bfe8-89e0e689a271",
        "msg": "音频特征提取完成",
        "progress": 20,
        "result": "",
        "status": 1
    },
    "msg": "",
    "success": true
}
2025-05-20 13:50:34,231 - INFO - Task 467e1e37-087a-4fb1-bfe8-89e0e689a271 未完成, msg: 音频特征提取完成, retrying...
2025-05-20 13:50:42,260 - WARNING - 接口返回 /easy/query, Content-Type 非标准(text/html; charset=utf-8)，尝试手动解析 JSON，内容: {
    "code": 10000,
    "data": {
        "code": "467e1e37-087a-4fb1-bfe8-89e0e689a271",
        "msg": "音频特征提取完成",
        "progress": 20,
        "result": "",
        "status": 1
    },
    "msg": "",
    "success": true
}
2025-05-20 13:50:42,261 - INFO - Task 467e1e37-087a-4fb1-bfe8-89e0e689a271 未完成, msg: 音频特征提取完成, retrying...
2025-05-20 13:50:50,281 - WARNING - 接口返回 /easy/query, Content-Type 非标准(text/html; charset=utf-8)，尝试手动解析 JSON，内容: {
    "code": 10000,
    "data": {
        "code": "467e1e37-087a-4fb1-bfe8-89e0e689a271",
        "msg": "音频特征提取完成",
        "progress": 20,
        "result": "",
        "status": 1
    },
    "msg": "",
    "success": true
}
2025-05-20 13:50:50,282 - INFO - Task 467e1e37-087a-4fb1-bfe8-89e0e689a271 未完成, msg: 音频特征提取完成, retrying...
2025-05-20 13:50:58,280 - WARNING - 接口返回 /easy/query, Content-Type 非标准(text/html; charset=utf-8)，尝试手动解析 JSON，内容: {
    "code": 10000,
    "data": {
        "code": "467e1e37-087a-4fb1-bfe8-89e0e689a271",
        "msg": "音频特征提取完成",
        "progress": 20,
        "result": "",
        "status": 1
    },
    "msg": "",
    "success": true
}
2025-05-20 13:50:58,281 - INFO - Task 467e1e37-087a-4fb1-bfe8-89e0e689a271 未完成, msg: 音频特征提取完成, retrying...
2025-05-20 13:51:06,300 - WARNING - 接口返回 /easy/query, Content-Type 非标准(text/html; charset=utf-8)，尝试手动解析 JSON，内容: {
    "code": 10000,
    "data": {
        "code": "467e1e37-087a-4fb1-bfe8-89e0e689a271",
        "msg": "任务完成",
        "progress": 100,
        "result": "/467e1e37-087a-4fb1-bfe8-89e0e689a271-r.mp4",
        "status": 2
    },
    "msg": "",
    "success": true
}
2025-05-20 13:51:06,303 - INFO - 任务 467e1e37-087a-4fb1-bfe8-89e0e689a271 状态更新为 success
2025-05-20 13:51:06,384 - INFO - 任务 467e1e37-087a-4fb1-bfe8-89e0e689a271 的完成时间已更新
2025-05-20 13:51:06,385 - INFO - 任务 467e1e37-087a-4fb1-bfe8-89e0e689a271 已完成，稍后上传服务器 和回调
2025-05-20 13:51:06,759 - INFO - 文件上传成功
2025-05-20 13:51:06,767 - INFO - 清理文件: D:\heygem_data\face2face\temp\nv.wav, D:\heygem_data\face2face\temp\nv.mp4
2025-05-20 14:01:48,914 - INFO - off
2025-05-20 15:53:52,870 - INFO - 数据库已初始化
2025-05-20 15:56:51,258 - INFO - off
2025-05-20 15:56:58,595 - INFO - 数据库已初始化
2025-05-20 15:57:44,708 - INFO - 任务 0d855bc6-10e2-463a-963b-35b132365a3a 添加到数据库，task_id: 4
2025-05-20 15:57:44,960 - INFO - 任务 0d855bc6-10e2-463a-963b-35b132365a3a 状态更新为 running
2025-05-20 15:57:44,995 - INFO - 处理任务0d855bc6-10e2-463a-963b-35b132365a3a
2025-05-20 15:57:47,751 - INFO - 复制文件到服务器路径: D:\heygem_data\face2face\temp\nv.wav, D:\heygem_data\face2face\temp\nv.mp4
2025-05-20 15:57:49,803 - ERROR - 错误提交任务 0d855bc6-10e2-463a-963b-35b132365a3a: HTTPConnectionPool(host='127.0.0.1', port=8383): Max retries exceeded with url: /easy/submit (Caused by NewConnectionError('<urllib3.connection.HTTPConnection object at 0x000001E328E5AAD0>: Failed to establish a new connection: [WinError 10061] 由于目标计算机积极拒绝，无法连接。'))
2025-05-20 15:57:49,803 - INFO - 任务 0d855bc6-10e2-463a-963b-35b132365a3a 等待服务器
2025-05-20 15:57:56,842 - ERROR - 错误提交任务 0d855bc6-10e2-463a-963b-35b132365a3a: HTTPConnectionPool(host='127.0.0.1', port=8383): Max retries exceeded with url: /easy/submit (Caused by NewConnectionError('<urllib3.connection.HTTPConnection object at 0x000001E328E5B5B0>: Failed to establish a new connection: [WinError 10061] 由于目标计算机积极拒绝，无法连接。'))
2025-05-20 15:57:56,842 - INFO - 任务 0d855bc6-10e2-463a-963b-35b132365a3a 等待服务器
2025-05-20 15:57:56,886 - INFO - 任务 3b541e64-f3f3-4752-b790-aea284a33908 添加到数据库，task_id: 5
2025-05-20 15:58:03,883 - ERROR - 错误提交任务 0d855bc6-10e2-463a-963b-35b132365a3a: HTTPConnectionPool(host='127.0.0.1', port=8383): Max retries exceeded with url: /easy/submit (Caused by NewConnectionError('<urllib3.connection.HTTPConnection object at 0x000001E328EC4430>: Failed to establish a new connection: [WinError 10061] 由于目标计算机积极拒绝，无法连接。'))
2025-05-20 15:58:03,883 - INFO - 任务 0d855bc6-10e2-463a-963b-35b132365a3a 等待服务器
2025-05-20 15:58:10,931 - ERROR - 错误提交任务 0d855bc6-10e2-463a-963b-35b132365a3a: HTTPConnectionPool(host='127.0.0.1', port=8383): Max retries exceeded with url: /easy/submit (Caused by NewConnectionError('<urllib3.connection.HTTPConnection object at 0x000001E328EC4D30>: Failed to establish a new connection: [WinError 10061] 由于目标计算机积极拒绝，无法连接。'))
2025-05-20 15:58:10,931 - INFO - 任务 0d855bc6-10e2-463a-963b-35b132365a3a 等待服务器
2025-05-20 15:58:38,578 - INFO - 数据库已初始化
2025-05-20 15:58:38,582 - INFO - 任务 3b541e64-f3f3-4752-b790-aea284a33908 状态更新为 running
2025-05-20 15:58:38,671 - INFO - 处理任务3b541e64-f3f3-4752-b790-aea284a33908
2025-05-20 15:58:41,845 - INFO - 复制文件到服务器路径: D:\heygem_data\face2face\temp\lao.wav, D:\heygem_data\face2face\temp\lao.mp4
2025-05-20 15:58:41,926 - INFO - 正在提交任务 3b541e64-f3f3-4752-b790-aea284a33908到服务器
2025-05-20 15:58:41,926 - INFO - 任务 3b541e64-f3f3-4752-b790-aea284a33908 成功提交
2025-05-20 15:58:44,925 - WARNING - 接口返回 /easy/query, Content-Type 非标准(text/html; charset=utf-8)，尝试手动解析 JSON，内容: {
    "code": 10000,
    "data": {
        "code": "3b541e64-f3f3-4752-b790-aea284a33908",
        "msg": "音频特征提取完成",
        "progress": 20,
        "result": "",
        "status": 1
    },
    "msg": "",
    "success": true
}
2025-05-20 15:58:44,925 - INFO - Task 3b541e64-f3f3-4752-b790-aea284a33908 未完成, msg: 音频特征提取完成, retrying...
2025-05-20 15:58:52,936 - WARNING - 接口返回 /easy/query, Content-Type 非标准(text/html; charset=utf-8)，尝试手动解析 JSON，内容: {
    "code": 10000,
    "data": {
        "code": "3b541e64-f3f3-4752-b790-aea284a33908",
        "msg": "音频特征提取完成",
        "progress": 20,
        "result": "",
        "status": 1
    },
    "msg": "",
    "success": true
}
2025-05-20 15:58:52,937 - INFO - Task 3b541e64-f3f3-4752-b790-aea284a33908 未完成, msg: 音频特征提取完成, retrying...
2025-05-20 15:59:00,966 - WARNING - 接口返回 /easy/query, Content-Type 非标准(text/html; charset=utf-8)，尝试手动解析 JSON，内容: {
    "code": 10000,
    "data": {
        "code": "3b541e64-f3f3-4752-b790-aea284a33908",
        "msg": "音频特征提取完成",
        "progress": 20,
        "result": "",
        "status": 1
    },
    "msg": "",
    "success": true
}
2025-05-20 15:59:00,967 - INFO - Task 3b541e64-f3f3-4752-b790-aea284a33908 未完成, msg: 音频特征提取完成, retrying...
2025-05-20 15:59:08,992 - WARNING - 接口返回 /easy/query, Content-Type 非标准(text/html; charset=utf-8)，尝试手动解析 JSON，内容: {
    "code": 10000,
    "data": {
        "code": "3b541e64-f3f3-4752-b790-aea284a33908",
        "msg": "音频特征提取完成",
        "progress": 20,
        "result": "",
        "status": 1
    },
    "msg": "",
    "success": true
}
2025-05-20 15:59:08,992 - INFO - Task 3b541e64-f3f3-4752-b790-aea284a33908 未完成, msg: 音频特征提取完成, retrying...
2025-05-20 15:59:17,024 - WARNING - 接口返回 /easy/query, Content-Type 非标准(text/html; charset=utf-8)，尝试手动解析 JSON，内容: {
    "code": 10000,
    "data": {
        "code": "3b541e64-f3f3-4752-b790-aea284a33908",
        "msg": "音频特征提取完成",
        "progress": 20,
        "result": "",
        "status": 1
    },
    "msg": "",
    "success": true
}
2025-05-20 15:59:17,024 - INFO - Task 3b541e64-f3f3-4752-b790-aea284a33908 未完成, msg: 音频特征提取完成, retrying...
2025-05-20 15:59:25,046 - WARNING - 接口返回 /easy/query, Content-Type 非标准(text/html; charset=utf-8)，尝试手动解析 JSON，内容: {
    "code": 10000,
    "data": {
        "code": "3b541e64-f3f3-4752-b790-aea284a33908",
        "msg": "音频特征提取完成",
        "progress": 20,
        "result": "",
        "status": 1
    },
    "msg": "",
    "success": true
}
2025-05-20 15:59:25,047 - INFO - Task 3b541e64-f3f3-4752-b790-aea284a33908 未完成, msg: 音频特征提取完成, retrying...
2025-05-20 15:59:33,055 - WARNING - 接口返回 /easy/query, Content-Type 非标准(text/html; charset=utf-8)，尝试手动解析 JSON，内容: {
    "code": 10000,
    "data": {
        "code": "3b541e64-f3f3-4752-b790-aea284a33908",
        "msg": "音频特征提取完成",
        "progress": 20,
        "result": "",
        "status": 1
    },
    "msg": "",
    "success": true
}
2025-05-20 15:59:33,056 - INFO - Task 3b541e64-f3f3-4752-b790-aea284a33908 未完成, msg: 音频特征提取完成, retrying...
2025-05-20 15:59:41,051 - WARNING - 接口返回 /easy/query, Content-Type 非标准(text/html; charset=utf-8)，尝试手动解析 JSON，内容: {
    "code": 10000,
    "data": {
        "code": "3b541e64-f3f3-4752-b790-aea284a33908",
        "msg": "音频特征提取完成",
        "progress": 20,
        "result": "",
        "status": 1
    },
    "msg": "",
    "success": true
}
2025-05-20 15:59:41,051 - INFO - Task 3b541e64-f3f3-4752-b790-aea284a33908 未完成, msg: 音频特征提取完成, retrying...
2025-05-20 15:59:49,070 - WARNING - 接口返回 /easy/query, Content-Type 非标准(text/html; charset=utf-8)，尝试手动解析 JSON，内容: {
    "code": 10000,
    "data": {
        "code": "3b541e64-f3f3-4752-b790-aea284a33908",
        "msg": "音频特征提取完成",
        "progress": 20,
        "result": "",
        "status": 1
    },
    "msg": "",
    "success": true
}
2025-05-20 15:59:49,070 - INFO - Task 3b541e64-f3f3-4752-b790-aea284a33908 未完成, msg: 音频特征提取完成, retrying...
2025-05-20 15:59:57,081 - WARNING - 接口返回 /easy/query, Content-Type 非标准(text/html; charset=utf-8)，尝试手动解析 JSON，内容: {
    "code": 10000,
    "data": {
        "code": "3b541e64-f3f3-4752-b790-aea284a33908",
        "msg": "音频特征提取完成",
        "progress": 20,
        "result": "",
        "status": 1
    },
    "msg": "",
    "success": true
}
2025-05-20 15:59:57,082 - INFO - Task 3b541e64-f3f3-4752-b790-aea284a33908 未完成, msg: 音频特征提取完成, retrying...
2025-05-20 16:00:05,097 - WARNING - 接口返回 /easy/query, Content-Type 非标准(text/html; charset=utf-8)，尝试手动解析 JSON，内容: {
    "code": 10000,
    "data": {
        "code": "3b541e64-f3f3-4752-b790-aea284a33908",
        "msg": "音频特征提取完成",
        "progress": 20,
        "result": "",
        "status": 1
    },
    "msg": "",
    "success": true
}
2025-05-20 16:00:05,098 - INFO - Task 3b541e64-f3f3-4752-b790-aea284a33908 未完成, msg: 音频特征提取完成, retrying...
2025-05-20 16:00:13,108 - WARNING - 接口返回 /easy/query, Content-Type 非标准(text/html; charset=utf-8)，尝试手动解析 JSON，内容: {
    "code": 10000,
    "data": {
        "code": "3b541e64-f3f3-4752-b790-aea284a33908",
        "msg": "音频特征提取完成",
        "progress": 20,
        "result": "",
        "status": 1
    },
    "msg": "",
    "success": true
}
2025-05-20 16:00:13,109 - INFO - Task 3b541e64-f3f3-4752-b790-aea284a33908 未完成, msg: 音频特征提取完成, retrying...
2025-05-20 16:00:21,128 - WARNING - 接口返回 /easy/query, Content-Type 非标准(text/html; charset=utf-8)，尝试手动解析 JSON，内容: {
    "code": 10000,
    "data": {
        "code": "3b541e64-f3f3-4752-b790-aea284a33908",
        "msg": "音频特征提取完成",
        "progress": 20,
        "result": "",
        "status": 1
    },
    "msg": "",
    "success": true
}
2025-05-20 16:00:21,129 - INFO - Task 3b541e64-f3f3-4752-b790-aea284a33908 未完成, msg: 音频特征提取完成, retrying...
2025-05-20 16:00:29,154 - WARNING - 接口返回 /easy/query, Content-Type 非标准(text/html; charset=utf-8)，尝试手动解析 JSON，内容: {
    "code": 10000,
    "data": {
        "code": "3b541e64-f3f3-4752-b790-aea284a33908",
        "msg": "音频特征提取完成",
        "progress": 20,
        "result": "",
        "status": 1
    },
    "msg": "",
    "success": true
}
2025-05-20 16:00:29,155 - INFO - Task 3b541e64-f3f3-4752-b790-aea284a33908 未完成, msg: 音频特征提取完成, retrying...
2025-05-20 16:00:37,179 - WARNING - 接口返回 /easy/query, Content-Type 非标准(text/html; charset=utf-8)，尝试手动解析 JSON，内容: {
    "code": 10000,
    "data": {
        "code": "3b541e64-f3f3-4752-b790-aea284a33908",
        "msg": "音频特征提取完成",
        "progress": 20,
        "result": "",
        "status": 1
    },
    "msg": "",
    "success": true
}
2025-05-20 16:00:37,180 - INFO - Task 3b541e64-f3f3-4752-b790-aea284a33908 未完成, msg: 音频特征提取完成, retrying...
2025-05-20 16:00:45,189 - WARNING - 接口返回 /easy/query, Content-Type 非标准(text/html; charset=utf-8)，尝试手动解析 JSON，内容: {
    "code": 10000,
    "data": {
        "code": "3b541e64-f3f3-4752-b790-aea284a33908",
        "msg": "音频特征提取完成",
        "progress": 20,
        "result": "",
        "status": 1
    },
    "msg": "",
    "success": true
}
2025-05-20 16:00:45,190 - INFO - Task 3b541e64-f3f3-4752-b790-aea284a33908 未完成, msg: 音频特征提取完成, retrying...
2025-05-20 16:00:53,193 - WARNING - 接口返回 /easy/query, Content-Type 非标准(text/html; charset=utf-8)，尝试手动解析 JSON，内容: {
    "code": 10000,
    "data": {
        "code": "3b541e64-f3f3-4752-b790-aea284a33908",
        "msg": "音频特征提取完成",
        "progress": 20,
        "result": "",
        "status": 1
    },
    "msg": "",
    "success": true
}
2025-05-20 16:00:53,194 - INFO - Task 3b541e64-f3f3-4752-b790-aea284a33908 未完成, msg: 音频特征提取完成, retrying...
2025-05-20 16:01:01,228 - WARNING - 接口返回 /easy/query, Content-Type 非标准(text/html; charset=utf-8)，尝试手动解析 JSON，内容: {
    "code": 10000,
    "data": {
        "code": "3b541e64-f3f3-4752-b790-aea284a33908",
        "msg": "音频特征提取完成",
        "progress": 20,
        "result": "",
        "status": 1
    },
    "msg": "",
    "success": true
}
2025-05-20 16:01:01,229 - INFO - Task 3b541e64-f3f3-4752-b790-aea284a33908 未完成, msg: 音频特征提取完成, retrying...
2025-05-20 16:01:09,268 - WARNING - 接口返回 /easy/query, Content-Type 非标准(text/html; charset=utf-8)，尝试手动解析 JSON，内容: {
    "code": 10000,
    "data": {
        "code": "3b541e64-f3f3-4752-b790-aea284a33908",
        "msg": "音频特征提取完成",
        "progress": 20,
        "result": "",
        "status": 1
    },
    "msg": "",
    "success": true
}
2025-05-20 16:01:09,269 - INFO - Task 3b541e64-f3f3-4752-b790-aea284a33908 未完成, msg: 音频特征提取完成, retrying...
2025-05-20 16:01:17,302 - WARNING - 接口返回 /easy/query, Content-Type 非标准(text/html; charset=utf-8)，尝试手动解析 JSON，内容: {
    "code": 10000,
    "data": {
        "code": "3b541e64-f3f3-4752-b790-aea284a33908",
        "msg": "音频特征提取完成",
        "progress": 20,
        "result": "",
        "status": 1
    },
    "msg": "",
    "success": true
}
2025-05-20 16:01:17,303 - INFO - Task 3b541e64-f3f3-4752-b790-aea284a33908 未完成, msg: 音频特征提取完成, retrying...
2025-05-20 16:01:25,305 - WARNING - 接口返回 /easy/query, Content-Type 非标准(text/html; charset=utf-8)，尝试手动解析 JSON，内容: {
    "code": 10000,
    "data": {
        "code": "3b541e64-f3f3-4752-b790-aea284a33908",
        "msg": "音频特征提取完成",
        "progress": 20,
        "result": "",
        "status": 1
    },
    "msg": "",
    "success": true
}
2025-05-20 16:01:25,305 - INFO - Task 3b541e64-f3f3-4752-b790-aea284a33908 未完成, msg: 音频特征提取完成, retrying...
2025-05-20 16:01:33,312 - WARNING - 接口返回 /easy/query, Content-Type 非标准(text/html; charset=utf-8)，尝试手动解析 JSON，内容: {
    "code": 10000,
    "data": {
        "code": "3b541e64-f3f3-4752-b790-aea284a33908",
        "msg": "音频特征提取完成",
        "progress": 20,
        "result": "",
        "status": 1
    },
    "msg": "",
    "success": true
}
2025-05-20 16:01:33,313 - INFO - Task 3b541e64-f3f3-4752-b790-aea284a33908 未完成, msg: 音频特征提取完成, retrying...
2025-05-20 16:01:41,329 - WARNING - 接口返回 /easy/query, Content-Type 非标准(text/html; charset=utf-8)，尝试手动解析 JSON，内容: {
    "code": 10000,
    "data": {
        "code": "3b541e64-f3f3-4752-b790-aea284a33908",
        "msg": "音频特征提取完成",
        "progress": 20,
        "result": "",
        "status": 1
    },
    "msg": "",
    "success": true
}
2025-05-20 16:01:41,330 - INFO - Task 3b541e64-f3f3-4752-b790-aea284a33908 未完成, msg: 音频特征提取完成, retrying...
2025-05-20 16:01:49,367 - WARNING - 接口返回 /easy/query, Content-Type 非标准(text/html; charset=utf-8)，尝试手动解析 JSON，内容: {
    "code": 10000,
    "data": {
        "code": "3b541e64-f3f3-4752-b790-aea284a33908",
        "msg": "音频特征提取完成",
        "progress": 20,
        "result": "",
        "status": 1
    },
    "msg": "",
    "success": true
}
2025-05-20 16:01:49,368 - INFO - Task 3b541e64-f3f3-4752-b790-aea284a33908 未完成, msg: 音频特征提取完成, retrying...
2025-05-20 16:01:57,389 - WARNING - 接口返回 /easy/query, Content-Type 非标准(text/html; charset=utf-8)，尝试手动解析 JSON，内容: {
    "code": 10000,
    "data": {
        "code": "3b541e64-f3f3-4752-b790-aea284a33908",
        "msg": "音频特征提取完成",
        "progress": 20,
        "result": "",
        "status": 1
    },
    "msg": "",
    "success": true
}
2025-05-20 16:01:57,389 - INFO - Task 3b541e64-f3f3-4752-b790-aea284a33908 未完成, msg: 音频特征提取完成, retrying...
2025-05-20 16:02:05,419 - WARNING - 接口返回 /easy/query, Content-Type 非标准(text/html; charset=utf-8)，尝试手动解析 JSON，内容: {
    "code": 10000,
    "data": {
        "code": "3b541e64-f3f3-4752-b790-aea284a33908",
        "msg": "音频特征提取完成",
        "progress": 20,
        "result": "",
        "status": 1
    },
    "msg": "",
    "success": true
}
2025-05-20 16:02:05,420 - INFO - Task 3b541e64-f3f3-4752-b790-aea284a33908 未完成, msg: 音频特征提取完成, retrying...
2025-05-20 16:02:13,436 - WARNING - 接口返回 /easy/query, Content-Type 非标准(text/html; charset=utf-8)，尝试手动解析 JSON，内容: {
    "code": 10000,
    "data": {
        "code": "3b541e64-f3f3-4752-b790-aea284a33908",
        "msg": "音频特征提取完成",
        "progress": 20,
        "result": "",
        "status": 1
    },
    "msg": "",
    "success": true
}
2025-05-20 16:02:13,437 - INFO - Task 3b541e64-f3f3-4752-b790-aea284a33908 未完成, msg: 音频特征提取完成, retrying...
2025-05-20 16:02:21,462 - WARNING - 接口返回 /easy/query, Content-Type 非标准(text/html; charset=utf-8)，尝试手动解析 JSON，内容: {
    "code": 10000,
    "data": {
        "code": "3b541e64-f3f3-4752-b790-aea284a33908",
        "msg": "音频特征提取完成",
        "progress": 20,
        "result": "",
        "status": 1
    },
    "msg": "",
    "success": true
}
2025-05-20 16:02:21,462 - INFO - Task 3b541e64-f3f3-4752-b790-aea284a33908 未完成, msg: 音频特征提取完成, retrying...
2025-05-20 16:02:29,474 - WARNING - 接口返回 /easy/query, Content-Type 非标准(text/html; charset=utf-8)，尝试手动解析 JSON，内容: {
    "code": 10000,
    "data": {
        "code": "3b541e64-f3f3-4752-b790-aea284a33908",
        "msg": "音频特征提取完成",
        "progress": 20,
        "result": "",
        "status": 1
    },
    "msg": "",
    "success": true
}
2025-05-20 16:02:29,474 - INFO - Task 3b541e64-f3f3-4752-b790-aea284a33908 未完成, msg: 音频特征提取完成, retrying...
2025-05-20 16:02:37,465 - WARNING - 接口返回 /easy/query, Content-Type 非标准(text/html; charset=utf-8)，尝试手动解析 JSON，内容: {
    "code": 10000,
    "data": {
        "code": "3b541e64-f3f3-4752-b790-aea284a33908",
        "msg": "音频特征提取完成",
        "progress": 20,
        "result": "",
        "status": 1
    },
    "msg": "",
    "success": true
}
2025-05-20 16:02:37,466 - INFO - Task 3b541e64-f3f3-4752-b790-aea284a33908 未完成, msg: 音频特征提取完成, retrying...
2025-05-20 16:02:45,471 - WARNING - 接口返回 /easy/query, Content-Type 非标准(text/html; charset=utf-8)，尝试手动解析 JSON，内容: {
    "code": 10000,
    "data": {
        "code": "3b541e64-f3f3-4752-b790-aea284a33908",
        "msg": "音频特征提取完成",
        "progress": 20,
        "result": "",
        "status": 1
    },
    "msg": "",
    "success": true
}
2025-05-20 16:02:45,472 - INFO - Task 3b541e64-f3f3-4752-b790-aea284a33908 未完成, msg: 音频特征提取完成, retrying...
2025-05-20 16:02:53,490 - WARNING - 接口返回 /easy/query, Content-Type 非标准(text/html; charset=utf-8)，尝试手动解析 JSON，内容: {
    "code": 10000,
    "data": {
        "code": "3b541e64-f3f3-4752-b790-aea284a33908",
        "msg": "音频特征提取完成",
        "progress": 20,
        "result": "",
        "status": 1
    },
    "msg": "",
    "success": true
}
2025-05-20 16:02:53,491 - INFO - Task 3b541e64-f3f3-4752-b790-aea284a33908 未完成, msg: 音频特征提取完成, retrying...
2025-05-20 16:03:01,504 - WARNING - 接口返回 /easy/query, Content-Type 非标准(text/html; charset=utf-8)，尝试手动解析 JSON，内容: {
    "code": 10000,
    "data": {
        "code": "3b541e64-f3f3-4752-b790-aea284a33908",
        "msg": "音频特征提取完成",
        "progress": 20,
        "result": "",
        "status": 1
    },
    "msg": "",
    "success": true
}
2025-05-20 16:03:01,505 - INFO - Task 3b541e64-f3f3-4752-b790-aea284a33908 未完成, msg: 音频特征提取完成, retrying...
2025-05-20 16:03:09,537 - WARNING - 接口返回 /easy/query, Content-Type 非标准(text/html; charset=utf-8)，尝试手动解析 JSON，内容: {
    "code": 10000,
    "data": {
        "code": "3b541e64-f3f3-4752-b790-aea284a33908",
        "msg": "音频特征提取完成",
        "progress": 20,
        "result": "",
        "status": 1
    },
    "msg": "",
    "success": true
}
2025-05-20 16:03:09,538 - INFO - Task 3b541e64-f3f3-4752-b790-aea284a33908 未完成, msg: 音频特征提取完成, retrying...
2025-05-20 16:03:17,565 - WARNING - 接口返回 /easy/query, Content-Type 非标准(text/html; charset=utf-8)，尝试手动解析 JSON，内容: {
    "code": 10000,
    "data": {
        "code": "3b541e64-f3f3-4752-b790-aea284a33908",
        "msg": "音频特征提取完成",
        "progress": 20,
        "result": "",
        "status": 1
    },
    "msg": "",
    "success": true
}
2025-05-20 16:03:17,566 - INFO - Task 3b541e64-f3f3-4752-b790-aea284a33908 未完成, msg: 音频特征提取完成, retrying...
2025-05-20 16:03:25,593 - WARNING - 接口返回 /easy/query, Content-Type 非标准(text/html; charset=utf-8)，尝试手动解析 JSON，内容: {
    "code": 10000,
    "data": {
        "code": "3b541e64-f3f3-4752-b790-aea284a33908",
        "msg": "音频特征提取完成",
        "progress": 20,
        "result": "",
        "status": 1
    },
    "msg": "",
    "success": true
}
2025-05-20 16:03:25,594 - INFO - Task 3b541e64-f3f3-4752-b790-aea284a33908 未完成, msg: 音频特征提取完成, retrying...
2025-05-20 16:03:33,627 - WARNING - 接口返回 /easy/query, Content-Type 非标准(text/html; charset=utf-8)，尝试手动解析 JSON，内容: {
    "code": 10000,
    "data": {
        "code": "3b541e64-f3f3-4752-b790-aea284a33908",
        "msg": "音频特征提取完成",
        "progress": 20,
        "result": "",
        "status": 1
    },
    "msg": "",
    "success": true
}
2025-05-20 16:03:33,628 - INFO - Task 3b541e64-f3f3-4752-b790-aea284a33908 未完成, msg: 音频特征提取完成, retrying...
2025-05-20 16:03:41,632 - WARNING - 接口返回 /easy/query, Content-Type 非标准(text/html; charset=utf-8)，尝试手动解析 JSON，内容: {
    "code": 10000,
    "data": {
        "code": "3b541e64-f3f3-4752-b790-aea284a33908",
        "msg": "音频特征提取完成",
        "progress": 20,
        "result": "",
        "status": 1
    },
    "msg": "",
    "success": true
}
2025-05-20 16:03:41,633 - INFO - Task 3b541e64-f3f3-4752-b790-aea284a33908 未完成, msg: 音频特征提取完成, retrying...
2025-05-20 16:03:49,666 - WARNING - 接口返回 /easy/query, Content-Type 非标准(text/html; charset=utf-8)，尝试手动解析 JSON，内容: {
    "code": 10000,
    "data": {
        "code": "3b541e64-f3f3-4752-b790-aea284a33908",
        "msg": "音频特征提取完成",
        "progress": 20,
        "result": "",
        "status": 1
    },
    "msg": "",
    "success": true
}
2025-05-20 16:03:49,667 - INFO - Task 3b541e64-f3f3-4752-b790-aea284a33908 未完成, msg: 音频特征提取完成, retrying...
2025-05-20 16:03:57,682 - WARNING - 接口返回 /easy/query, Content-Type 非标准(text/html; charset=utf-8)，尝试手动解析 JSON，内容: {
    "code": 10000,
    "data": {
        "code": "3b541e64-f3f3-4752-b790-aea284a33908",
        "msg": "音频特征提取完成",
        "progress": 20,
        "result": "",
        "status": 1
    },
    "msg": "",
    "success": true
}
2025-05-20 16:03:57,683 - INFO - Task 3b541e64-f3f3-4752-b790-aea284a33908 未完成, msg: 音频特征提取完成, retrying...
2025-05-20 16:04:05,709 - WARNING - 接口返回 /easy/query, Content-Type 非标准(text/html; charset=utf-8)，尝试手动解析 JSON，内容: {
    "code": 10000,
    "data": {
        "code": "3b541e64-f3f3-4752-b790-aea284a33908",
        "msg": "音频特征提取完成",
        "progress": 20,
        "result": "",
        "status": 1
    },
    "msg": "",
    "success": true
}
2025-05-20 16:04:05,710 - INFO - Task 3b541e64-f3f3-4752-b790-aea284a33908 未完成, msg: 音频特征提取完成, retrying...
2025-05-20 16:04:13,721 - WARNING - 接口返回 /easy/query, Content-Type 非标准(text/html; charset=utf-8)，尝试手动解析 JSON，内容: {
    "code": 10000,
    "data": {
        "code": "3b541e64-f3f3-4752-b790-aea284a33908",
        "msg": "音频特征提取完成",
        "progress": 20,
        "result": "",
        "status": 1
    },
    "msg": "",
    "success": true
}
2025-05-20 16:04:13,722 - INFO - Task 3b541e64-f3f3-4752-b790-aea284a33908 未完成, msg: 音频特征提取完成, retrying...
2025-05-20 16:04:21,752 - WARNING - 接口返回 /easy/query, Content-Type 非标准(text/html; charset=utf-8)，尝试手动解析 JSON，内容: {
    "code": 10000,
    "data": {
        "code": "3b541e64-f3f3-4752-b790-aea284a33908",
        "msg": "音频特征提取完成",
        "progress": 20,
        "result": "",
        "status": 1
    },
    "msg": "",
    "success": true
}
2025-05-20 16:04:21,753 - INFO - Task 3b541e64-f3f3-4752-b790-aea284a33908 未完成, msg: 音频特征提取完成, retrying...
2025-05-20 16:04:29,767 - WARNING - 接口返回 /easy/query, Content-Type 非标准(text/html; charset=utf-8)，尝试手动解析 JSON，内容: {
    "code": 10000,
    "data": {
        "code": "3b541e64-f3f3-4752-b790-aea284a33908",
        "msg": "音频特征提取完成",
        "progress": 20,
        "result": "",
        "status": 1
    },
    "msg": "",
    "success": true
}
2025-05-20 16:04:29,768 - INFO - Task 3b541e64-f3f3-4752-b790-aea284a33908 未完成, msg: 音频特征提取完成, retrying...
2025-05-20 16:04:37,782 - WARNING - 接口返回 /easy/query, Content-Type 非标准(text/html; charset=utf-8)，尝试手动解析 JSON，内容: {
    "code": 10000,
    "data": {
        "code": "3b541e64-f3f3-4752-b790-aea284a33908",
        "msg": "音频特征提取完成",
        "progress": 20,
        "result": "",
        "status": 1
    },
    "msg": "",
    "success": true
}
2025-05-20 16:04:37,783 - INFO - Task 3b541e64-f3f3-4752-b790-aea284a33908 未完成, msg: 音频特征提取完成, retrying...
2025-05-20 16:04:45,808 - WARNING - 接口返回 /easy/query, Content-Type 非标准(text/html; charset=utf-8)，尝试手动解析 JSON，内容: {
    "code": 10000,
    "data": {
        "code": "3b541e64-f3f3-4752-b790-aea284a33908",
        "msg": "音频特征提取完成",
        "progress": 20,
        "result": "",
        "status": 1
    },
    "msg": "",
    "success": true
}
2025-05-20 16:04:45,808 - INFO - Task 3b541e64-f3f3-4752-b790-aea284a33908 未完成, msg: 音频特征提取完成, retrying...
2025-05-20 16:04:53,819 - WARNING - 接口返回 /easy/query, Content-Type 非标准(text/html; charset=utf-8)，尝试手动解析 JSON，内容: {
    "code": 10000,
    "data": {
        "code": "3b541e64-f3f3-4752-b790-aea284a33908",
        "msg": "音频特征提取完成",
        "progress": 20,
        "result": "",
        "status": 1
    },
    "msg": "",
    "success": true
}
2025-05-20 16:04:53,820 - INFO - Task 3b541e64-f3f3-4752-b790-aea284a33908 未完成, msg: 音频特征提取完成, retrying...
2025-05-20 16:05:01,854 - WARNING - 接口返回 /easy/query, Content-Type 非标准(text/html; charset=utf-8)，尝试手动解析 JSON，内容: {
    "code": 10000,
    "data": {
        "code": "3b541e64-f3f3-4752-b790-aea284a33908",
        "msg": "音频特征提取完成",
        "progress": 20,
        "result": "",
        "status": 1
    },
    "msg": "",
    "success": true
}
2025-05-20 16:05:01,855 - INFO - Task 3b541e64-f3f3-4752-b790-aea284a33908 未完成, msg: 音频特征提取完成, retrying...
2025-05-20 16:05:09,892 - WARNING - 接口返回 /easy/query, Content-Type 非标准(text/html; charset=utf-8)，尝试手动解析 JSON，内容: {
    "code": 10000,
    "data": {
        "code": "3b541e64-f3f3-4752-b790-aea284a33908",
        "msg": "音频特征提取完成",
        "progress": 20,
        "result": "",
        "status": 1
    },
    "msg": "",
    "success": true
}
2025-05-20 16:05:09,893 - INFO - Task 3b541e64-f3f3-4752-b790-aea284a33908 未完成, msg: 音频特征提取完成, retrying...
2025-05-20 16:05:17,922 - WARNING - 接口返回 /easy/query, Content-Type 非标准(text/html; charset=utf-8)，尝试手动解析 JSON，内容: {
    "code": 10000,
    "data": {
        "code": "3b541e64-f3f3-4752-b790-aea284a33908",
        "msg": "音频特征提取完成",
        "progress": 20,
        "result": "",
        "status": 1
    },
    "msg": "",
    "success": true
}
2025-05-20 16:05:17,923 - INFO - Task 3b541e64-f3f3-4752-b790-aea284a33908 未完成, msg: 音频特征提取完成, retrying...
2025-05-20 16:05:25,922 - WARNING - 接口返回 /easy/query, Content-Type 非标准(text/html; charset=utf-8)，尝试手动解析 JSON，内容: {
    "code": 10000,
    "data": {
        "code": "3b541e64-f3f3-4752-b790-aea284a33908",
        "msg": "音频特征提取完成",
        "progress": 20,
        "result": "",
        "status": 1
    },
    "msg": "",
    "success": true
}
2025-05-20 16:05:25,924 - INFO - Task 3b541e64-f3f3-4752-b790-aea284a33908 未完成, msg: 音频特征提取完成, retrying...
2025-05-20 16:05:33,936 - WARNING - 接口返回 /easy/query, Content-Type 非标准(text/html; charset=utf-8)，尝试手动解析 JSON，内容: {
    "code": 10000,
    "data": {
        "code": "3b541e64-f3f3-4752-b790-aea284a33908",
        "msg": "音频特征提取完成",
        "progress": 20,
        "result": "",
        "status": 1
    },
    "msg": "",
    "success": true
}
2025-05-20 16:05:33,937 - INFO - Task 3b541e64-f3f3-4752-b790-aea284a33908 未完成, msg: 音频特征提取完成, retrying...
2025-05-20 16:05:41,978 - WARNING - 接口返回 /easy/query, Content-Type 非标准(text/html; charset=utf-8)，尝试手动解析 JSON，内容: {
    "code": 10000,
    "data": {
        "code": "3b541e64-f3f3-4752-b790-aea284a33908",
        "msg": "音频特征提取完成",
        "progress": 20,
        "result": "",
        "status": 1
    },
    "msg": "",
    "success": true
}
2025-05-20 16:05:41,979 - INFO - Task 3b541e64-f3f3-4752-b790-aea284a33908 未完成, msg: 音频特征提取完成, retrying...
2025-05-20 16:05:50,005 - WARNING - 接口返回 /easy/query, Content-Type 非标准(text/html; charset=utf-8)，尝试手动解析 JSON，内容: {
    "code": 10000,
    "data": {
        "code": "3b541e64-f3f3-4752-b790-aea284a33908",
        "msg": "音频特征提取完成",
        "progress": 20,
        "result": "",
        "status": 1
    },
    "msg": "",
    "success": true
}
2025-05-20 16:05:50,006 - INFO - Task 3b541e64-f3f3-4752-b790-aea284a33908 未完成, msg: 音频特征提取完成, retrying...
2025-05-20 16:05:58,037 - WARNING - 接口返回 /easy/query, Content-Type 非标准(text/html; charset=utf-8)，尝试手动解析 JSON，内容: {
    "code": 10000,
    "data": {
        "code": "3b541e64-f3f3-4752-b790-aea284a33908",
        "msg": "音频特征提取完成",
        "progress": 20,
        "result": "",
        "status": 1
    },
    "msg": "",
    "success": true
}
2025-05-20 16:05:58,038 - INFO - Task 3b541e64-f3f3-4752-b790-aea284a33908 未完成, msg: 音频特征提取完成, retrying...
2025-05-20 16:06:06,055 - WARNING - 接口返回 /easy/query, Content-Type 非标准(text/html; charset=utf-8)，尝试手动解析 JSON，内容: {
    "code": 10000,
    "data": {
        "code": "3b541e64-f3f3-4752-b790-aea284a33908",
        "msg": "音频特征提取完成",
        "progress": 20,
        "result": "",
        "status": 1
    },
    "msg": "",
    "success": true
}
2025-05-20 16:06:06,056 - INFO - Task 3b541e64-f3f3-4752-b790-aea284a33908 未完成, msg: 音频特征提取完成, retrying...
2025-05-20 16:06:14,100 - WARNING - 接口返回 /easy/query, Content-Type 非标准(text/html; charset=utf-8)，尝试手动解析 JSON，内容: {
    "code": 10000,
    "data": {
        "code": "3b541e64-f3f3-4752-b790-aea284a33908",
        "msg": "任务完成",
        "progress": 100,
        "result": "/3b541e64-f3f3-4752-b790-aea284a33908-r.mp4",
        "status": 2
    },
    "msg": "",
    "success": true
}
2025-05-20 16:06:14,119 - INFO - 任务 3b541e64-f3f3-4752-b790-aea284a33908 状态更新为 success
2025-05-20 16:06:14,215 - INFO - 任务 3b541e64-f3f3-4752-b790-aea284a33908 的完成时间已更新
2025-05-20 16:06:14,215 - INFO - 任务 3b541e64-f3f3-4752-b790-aea284a33908 已完成，稍后上传服务器 和回调
2025-05-20 16:06:16,922 - INFO - 文件上传成功
2025-05-20 16:06:16,939 - INFO - 清理文件: D:\heygem_data\face2face\temp\lao.wav, D:\heygem_data\face2face\temp\lao.mp4
2025-05-20 16:11:43,552 - INFO - 任务 0d855bc6-10e2-463a-963b-35b132365a3a 状态更新为 running
2025-05-20 16:11:43,606 - INFO - 处理任务0d855bc6-10e2-463a-963b-35b132365a3a
2025-05-20 16:11:46,353 - INFO - 复制文件到服务器路径: D:\heygem_data\face2face\temp\nv.wav, D:\heygem_data\face2face\temp\nv.mp4
2025-05-20 16:11:46,436 - INFO - 正在提交任务 0d855bc6-10e2-463a-963b-35b132365a3a到服务器
2025-05-20 16:11:46,436 - INFO - 任务 0d855bc6-10e2-463a-963b-35b132365a3a 成功提交
2025-05-20 16:11:49,452 - WARNING - 接口返回 /easy/query, Content-Type 非标准(text/html; charset=utf-8)，尝试手动解析 JSON，内容: {
    "code": 10000,
    "data": {
        "code": "0d855bc6-10e2-463a-963b-35b132365a3a",
        "msg": "音频特征提取完成",
        "progress": 20,
        "result": "",
        "status": 1
    },
    "msg": "",
    "success": true
}
2025-05-20 16:11:49,453 - INFO - Task 0d855bc6-10e2-463a-963b-35b132365a3a 未完成, msg: 音频特征提取完成, retrying...
2025-05-20 16:11:57,489 - WARNING - 接口返回 /easy/query, Content-Type 非标准(text/html; charset=utf-8)，尝试手动解析 JSON，内容: {
    "code": 10000,
    "data": {
        "code": "0d855bc6-10e2-463a-963b-35b132365a3a",
        "msg": "音频特征提取完成",
        "progress": 20,
        "result": "",
        "status": 1
    },
    "msg": "",
    "success": true
}
2025-05-20 16:11:57,489 - INFO - Task 0d855bc6-10e2-463a-963b-35b132365a3a 未完成, msg: 音频特征提取完成, retrying...
2025-05-20 16:12:05,512 - WARNING - 接口返回 /easy/query, Content-Type 非标准(text/html; charset=utf-8)，尝试手动解析 JSON，内容: {
    "code": 10000,
    "data": {
        "code": "0d855bc6-10e2-463a-963b-35b132365a3a",
        "msg": "音频特征提取完成",
        "progress": 20,
        "result": "",
        "status": 1
    },
    "msg": "",
    "success": true
}
2025-05-20 16:12:05,514 - INFO - Task 0d855bc6-10e2-463a-963b-35b132365a3a 未完成, msg: 音频特征提取完成, retrying...
2025-05-20 16:12:13,538 - WARNING - 接口返回 /easy/query, Content-Type 非标准(text/html; charset=utf-8)，尝试手动解析 JSON，内容: {
    "code": 10000,
    "data": {
        "code": "0d855bc6-10e2-463a-963b-35b132365a3a",
        "msg": "音频特征提取完成",
        "progress": 20,
        "result": "",
        "status": 1
    },
    "msg": "",
    "success": true
}
2025-05-20 16:12:13,539 - INFO - Task 0d855bc6-10e2-463a-963b-35b132365a3a 未完成, msg: 音频特征提取完成, retrying...
2025-05-20 16:12:21,556 - WARNING - 接口返回 /easy/query, Content-Type 非标准(text/html; charset=utf-8)，尝试手动解析 JSON，内容: {
    "code": 10000,
    "data": {
        "code": "0d855bc6-10e2-463a-963b-35b132365a3a",
        "msg": "音频特征提取完成",
        "progress": 20,
        "result": "",
        "status": 1
    },
    "msg": "",
    "success": true
}
2025-05-20 16:12:21,558 - INFO - Task 0d855bc6-10e2-463a-963b-35b132365a3a 未完成, msg: 音频特征提取完成, retrying...
2025-05-20 16:12:29,564 - WARNING - 接口返回 /easy/query, Content-Type 非标准(text/html; charset=utf-8)，尝试手动解析 JSON，内容: {
    "code": 10000,
    "data": {
        "code": "0d855bc6-10e2-463a-963b-35b132365a3a",
        "msg": "音频特征提取完成",
        "progress": 20,
        "result": "",
        "status": 1
    },
    "msg": "",
    "success": true
}
2025-05-20 16:12:29,565 - INFO - Task 0d855bc6-10e2-463a-963b-35b132365a3a 未完成, msg: 音频特征提取完成, retrying...
2025-05-20 16:12:37,572 - WARNING - 接口返回 /easy/query, Content-Type 非标准(text/html; charset=utf-8)，尝试手动解析 JSON，内容: {
    "code": 10000,
    "data": {
        "code": "0d855bc6-10e2-463a-963b-35b132365a3a",
        "msg": "音频特征提取完成",
        "progress": 20,
        "result": "",
        "status": 1
    },
    "msg": "",
    "success": true
}
2025-05-20 16:12:37,573 - INFO - Task 0d855bc6-10e2-463a-963b-35b132365a3a 未完成, msg: 音频特征提取完成, retrying...
2025-05-20 16:12:45,602 - WARNING - 接口返回 /easy/query, Content-Type 非标准(text/html; charset=utf-8)，尝试手动解析 JSON，内容: {
    "code": 10000,
    "data": {
        "code": "0d855bc6-10e2-463a-963b-35b132365a3a",
        "msg": "音频特征提取完成",
        "progress": 20,
        "result": "",
        "status": 1
    },
    "msg": "",
    "success": true
}
2025-05-20 16:12:45,603 - INFO - Task 0d855bc6-10e2-463a-963b-35b132365a3a 未完成, msg: 音频特征提取完成, retrying...
2025-05-20 16:12:53,619 - WARNING - 接口返回 /easy/query, Content-Type 非标准(text/html; charset=utf-8)，尝试手动解析 JSON，内容: {
    "code": 10000,
    "data": {
        "code": "0d855bc6-10e2-463a-963b-35b132365a3a",
        "msg": "音频特征提取完成",
        "progress": 20,
        "result": "",
        "status": 1
    },
    "msg": "",
    "success": true
}
2025-05-20 16:12:53,620 - INFO - Task 0d855bc6-10e2-463a-963b-35b132365a3a 未完成, msg: 音频特征提取完成, retrying...
2025-05-20 16:13:01,651 - WARNING - 接口返回 /easy/query, Content-Type 非标准(text/html; charset=utf-8)，尝试手动解析 JSON，内容: {
    "code": 10000,
    "data": {
        "code": "0d855bc6-10e2-463a-963b-35b132365a3a",
        "msg": "音频特征提取完成",
        "progress": 20,
        "result": "",
        "status": 1
    },
    "msg": "",
    "success": true
}
2025-05-20 16:13:01,652 - INFO - Task 0d855bc6-10e2-463a-963b-35b132365a3a 未完成, msg: 音频特征提取完成, retrying...
2025-05-20 16:13:09,681 - WARNING - 接口返回 /easy/query, Content-Type 非标准(text/html; charset=utf-8)，尝试手动解析 JSON，内容: {
    "code": 10000,
    "data": {
        "code": "0d855bc6-10e2-463a-963b-35b132365a3a",
        "msg": "音频特征提取完成",
        "progress": 20,
        "result": "",
        "status": 1
    },
    "msg": "",
    "success": true
}
2025-05-20 16:13:09,682 - INFO - Task 0d855bc6-10e2-463a-963b-35b132365a3a 未完成, msg: 音频特征提取完成, retrying...
2025-05-20 16:13:17,724 - WARNING - 接口返回 /easy/query, Content-Type 非标准(text/html; charset=utf-8)，尝试手动解析 JSON，内容: {
    "code": 10000,
    "data": {
        "code": "0d855bc6-10e2-463a-963b-35b132365a3a",
        "msg": "音频特征提取完成",
        "progress": 20,
        "result": "",
        "status": 1
    },
    "msg": "",
    "success": true
}
2025-05-20 16:13:17,725 - INFO - Task 0d855bc6-10e2-463a-963b-35b132365a3a 未完成, msg: 音频特征提取完成, retrying...
2025-05-20 16:13:25,717 - WARNING - 接口返回 /easy/query, Content-Type 非标准(text/html; charset=utf-8)，尝试手动解析 JSON，内容: {
    "code": 10000,
    "data": {
        "code": "0d855bc6-10e2-463a-963b-35b132365a3a",
        "msg": "音频特征提取完成",
        "progress": 20,
        "result": "",
        "status": 1
    },
    "msg": "",
    "success": true
}
2025-05-20 16:13:25,718 - INFO - Task 0d855bc6-10e2-463a-963b-35b132365a3a 未完成, msg: 音频特征提取完成, retrying...
2025-05-20 16:13:33,719 - WARNING - 接口返回 /easy/query, Content-Type 非标准(text/html; charset=utf-8)，尝试手动解析 JSON，内容: {
    "code": 10000,
    "data": {
        "code": "0d855bc6-10e2-463a-963b-35b132365a3a",
        "msg": "音频特征提取完成",
        "progress": 20,
        "result": "",
        "status": 1
    },
    "msg": "",
    "success": true
}
2025-05-20 16:13:33,720 - INFO - Task 0d855bc6-10e2-463a-963b-35b132365a3a 未完成, msg: 音频特征提取完成, retrying...
2025-05-20 16:13:41,705 - WARNING - 接口返回 /easy/query, Content-Type 非标准(text/html; charset=utf-8)，尝试手动解析 JSON，内容: {
    "code": 10000,
    "data": {
        "code": "0d855bc6-10e2-463a-963b-35b132365a3a",
        "msg": "音频特征提取完成",
        "progress": 20,
        "result": "",
        "status": 1
    },
    "msg": "",
    "success": true
}
2025-05-20 16:13:41,705 - INFO - Task 0d855bc6-10e2-463a-963b-35b132365a3a 未完成, msg: 音频特征提取完成, retrying...
2025-05-20 16:13:49,726 - WARNING - 接口返回 /easy/query, Content-Type 非标准(text/html; charset=utf-8)，尝试手动解析 JSON，内容: {
    "code": 10000,
    "data": {
        "code": "0d855bc6-10e2-463a-963b-35b132365a3a",
        "msg": "音频特征提取完成",
        "progress": 20,
        "result": "",
        "status": 1
    },
    "msg": "",
    "success": true
}
2025-05-20 16:13:49,726 - INFO - Task 0d855bc6-10e2-463a-963b-35b132365a3a 未完成, msg: 音频特征提取完成, retrying...
2025-05-20 16:13:57,750 - WARNING - 接口返回 /easy/query, Content-Type 非标准(text/html; charset=utf-8)，尝试手动解析 JSON，内容: {
    "code": 10000,
    "data": {
        "code": "0d855bc6-10e2-463a-963b-35b132365a3a",
        "msg": "音频特征提取完成",
        "progress": 20,
        "result": "",
        "status": 1
    },
    "msg": "",
    "success": true
}
2025-05-20 16:13:57,751 - INFO - Task 0d855bc6-10e2-463a-963b-35b132365a3a 未完成, msg: 音频特征提取完成, retrying...
2025-05-20 16:14:05,758 - WARNING - 接口返回 /easy/query, Content-Type 非标准(text/html; charset=utf-8)，尝试手动解析 JSON，内容: {
    "code": 10000,
    "data": {
        "code": "0d855bc6-10e2-463a-963b-35b132365a3a",
        "msg": "音频特征提取完成",
        "progress": 20,
        "result": "",
        "status": 1
    },
    "msg": "",
    "success": true
}
2025-05-20 16:14:05,758 - INFO - Task 0d855bc6-10e2-463a-963b-35b132365a3a 未完成, msg: 音频特征提取完成, retrying...
2025-05-20 16:14:13,785 - WARNING - 接口返回 /easy/query, Content-Type 非标准(text/html; charset=utf-8)，尝试手动解析 JSON，内容: {
    "code": 10000,
    "data": {
        "code": "0d855bc6-10e2-463a-963b-35b132365a3a",
        "msg": "音频特征提取完成",
        "progress": 20,
        "result": "",
        "status": 1
    },
    "msg": "",
    "success": true
}
2025-05-20 16:14:13,786 - INFO - Task 0d855bc6-10e2-463a-963b-35b132365a3a 未完成, msg: 音频特征提取完成, retrying...
2025-05-20 16:14:21,798 - WARNING - 接口返回 /easy/query, Content-Type 非标准(text/html; charset=utf-8)，尝试手动解析 JSON，内容: {
    "code": 10000,
    "data": {
        "code": "0d855bc6-10e2-463a-963b-35b132365a3a",
        "msg": "音频特征提取完成",
        "progress": 20,
        "result": "",
        "status": 1
    },
    "msg": "",
    "success": true
}
2025-05-20 16:14:21,799 - INFO - Task 0d855bc6-10e2-463a-963b-35b132365a3a 未完成, msg: 音频特征提取完成, retrying...
2025-05-20 16:14:29,810 - WARNING - 接口返回 /easy/query, Content-Type 非标准(text/html; charset=utf-8)，尝试手动解析 JSON，内容: {
    "code": 10000,
    "data": {
        "code": "0d855bc6-10e2-463a-963b-35b132365a3a",
        "msg": "音频特征提取完成",
        "progress": 20,
        "result": "",
        "status": 1
    },
    "msg": "",
    "success": true
}
2025-05-20 16:14:29,811 - INFO - Task 0d855bc6-10e2-463a-963b-35b132365a3a 未完成, msg: 音频特征提取完成, retrying...
2025-05-20 16:14:37,849 - WARNING - 接口返回 /easy/query, Content-Type 非标准(text/html; charset=utf-8)，尝试手动解析 JSON，内容: {
    "code": 10000,
    "data": {
        "code": "0d855bc6-10e2-463a-963b-35b132365a3a",
        "msg": "音频特征提取完成",
        "progress": 20,
        "result": "",
        "status": 1
    },
    "msg": "",
    "success": true
}
2025-05-20 16:14:37,849 - INFO - Task 0d855bc6-10e2-463a-963b-35b132365a3a 未完成, msg: 音频特征提取完成, retrying...
2025-05-20 16:14:45,871 - WARNING - 接口返回 /easy/query, Content-Type 非标准(text/html; charset=utf-8)，尝试手动解析 JSON，内容: {
    "code": 10000,
    "data": {
        "code": "0d855bc6-10e2-463a-963b-35b132365a3a",
        "msg": "音频特征提取完成",
        "progress": 20,
        "result": "",
        "status": 1
    },
    "msg": "",
    "success": true
}
2025-05-20 16:14:45,872 - INFO - Task 0d855bc6-10e2-463a-963b-35b132365a3a 未完成, msg: 音频特征提取完成, retrying...
2025-05-20 16:14:53,889 - WARNING - 接口返回 /easy/query, Content-Type 非标准(text/html; charset=utf-8)，尝试手动解析 JSON，内容: {
    "code": 10000,
    "data": {
        "code": "0d855bc6-10e2-463a-963b-35b132365a3a",
        "msg": "音频特征提取完成",
        "progress": 20,
        "result": "",
        "status": 1
    },
    "msg": "",
    "success": true
}
2025-05-20 16:14:53,889 - INFO - Task 0d855bc6-10e2-463a-963b-35b132365a3a 未完成, msg: 音频特征提取完成, retrying...
2025-05-20 16:15:01,935 - WARNING - 接口返回 /easy/query, Content-Type 非标准(text/html; charset=utf-8)，尝试手动解析 JSON，内容: {
    "code": 10000,
    "data": {
        "code": "0d855bc6-10e2-463a-963b-35b132365a3a",
        "msg": "音频特征提取完成",
        "progress": 20,
        "result": "",
        "status": 1
    },
    "msg": "",
    "success": true
}
2025-05-20 16:15:01,936 - INFO - Task 0d855bc6-10e2-463a-963b-35b132365a3a 未完成, msg: 音频特征提取完成, retrying...
2025-05-20 16:15:09,946 - WARNING - 接口返回 /easy/query, Content-Type 非标准(text/html; charset=utf-8)，尝试手动解析 JSON，内容: {
    "code": 10000,
    "data": {
        "code": "0d855bc6-10e2-463a-963b-35b132365a3a",
        "msg": "音频特征提取完成",
        "progress": 20,
        "result": "",
        "status": 1
    },
    "msg": "",
    "success": true
}
2025-05-20 16:15:09,947 - INFO - Task 0d855bc6-10e2-463a-963b-35b132365a3a 未完成, msg: 音频特征提取完成, retrying...
2025-05-20 16:15:17,958 - WARNING - 接口返回 /easy/query, Content-Type 非标准(text/html; charset=utf-8)，尝试手动解析 JSON，内容: {
    "code": 10000,
    "data": {
        "code": "0d855bc6-10e2-463a-963b-35b132365a3a",
        "msg": "音频特征提取完成",
        "progress": 20,
        "result": "",
        "status": 1
    },
    "msg": "",
    "success": true
}
2025-05-20 16:15:17,958 - INFO - Task 0d855bc6-10e2-463a-963b-35b132365a3a 未完成, msg: 音频特征提取完成, retrying...
2025-05-20 16:15:25,972 - WARNING - 接口返回 /easy/query, Content-Type 非标准(text/html; charset=utf-8)，尝试手动解析 JSON，内容: {
    "code": 10000,
    "data": {
        "code": "0d855bc6-10e2-463a-963b-35b132365a3a",
        "msg": "音频特征提取完成",
        "progress": 20,
        "result": "",
        "status": 1
    },
    "msg": "",
    "success": true
}
2025-05-20 16:15:25,973 - INFO - Task 0d855bc6-10e2-463a-963b-35b132365a3a 未完成, msg: 音频特征提取完成, retrying...
2025-05-20 16:15:33,996 - WARNING - 接口返回 /easy/query, Content-Type 非标准(text/html; charset=utf-8)，尝试手动解析 JSON，内容: {
    "code": 10000,
    "data": {
        "code": "0d855bc6-10e2-463a-963b-35b132365a3a",
        "msg": "音频特征提取完成",
        "progress": 20,
        "result": "",
        "status": 1
    },
    "msg": "",
    "success": true
}
2025-05-20 16:15:33,997 - INFO - Task 0d855bc6-10e2-463a-963b-35b132365a3a 未完成, msg: 音频特征提取完成, retrying...
2025-05-20 16:15:42,037 - WARNING - 接口返回 /easy/query, Content-Type 非标准(text/html; charset=utf-8)，尝试手动解析 JSON，内容: {
    "code": 10000,
    "data": {
        "code": "0d855bc6-10e2-463a-963b-35b132365a3a",
        "msg": "音频特征提取完成",
        "progress": 20,
        "result": "",
        "status": 1
    },
    "msg": "",
    "success": true
}
2025-05-20 16:15:42,038 - INFO - Task 0d855bc6-10e2-463a-963b-35b132365a3a 未完成, msg: 音频特征提取完成, retrying...
2025-05-20 16:15:50,058 - WARNING - 接口返回 /easy/query, Content-Type 非标准(text/html; charset=utf-8)，尝试手动解析 JSON，内容: {
    "code": 10000,
    "data": {
        "code": "0d855bc6-10e2-463a-963b-35b132365a3a",
        "msg": "音频特征提取完成",
        "progress": 20,
        "result": "",
        "status": 1
    },
    "msg": "",
    "success": true
}
2025-05-20 16:15:50,059 - INFO - Task 0d855bc6-10e2-463a-963b-35b132365a3a 未完成, msg: 音频特征提取完成, retrying...
2025-05-20 16:15:58,088 - WARNING - 接口返回 /easy/query, Content-Type 非标准(text/html; charset=utf-8)，尝试手动解析 JSON，内容: {
    "code": 10000,
    "data": {
        "code": "0d855bc6-10e2-463a-963b-35b132365a3a",
        "msg": "音频特征提取完成",
        "progress": 20,
        "result": "",
        "status": 1
    },
    "msg": "",
    "success": true
}
2025-05-20 16:15:58,089 - INFO - Task 0d855bc6-10e2-463a-963b-35b132365a3a 未完成, msg: 音频特征提取完成, retrying...
2025-05-20 16:16:06,092 - WARNING - 接口返回 /easy/query, Content-Type 非标准(text/html; charset=utf-8)，尝试手动解析 JSON，内容: {
    "code": 10000,
    "data": {
        "code": "0d855bc6-10e2-463a-963b-35b132365a3a",
        "msg": "音频特征提取完成",
        "progress": 20,
        "result": "",
        "status": 1
    },
    "msg": "",
    "success": true
}
2025-05-20 16:16:06,092 - INFO - Task 0d855bc6-10e2-463a-963b-35b132365a3a 未完成, msg: 音频特征提取完成, retrying...
2025-05-20 16:16:14,116 - WARNING - 接口返回 /easy/query, Content-Type 非标准(text/html; charset=utf-8)，尝试手动解析 JSON，内容: {
    "code": 10000,
    "data": {
        "code": "0d855bc6-10e2-463a-963b-35b132365a3a",
        "msg": "音频特征提取完成",
        "progress": 20,
        "result": "",
        "status": 1
    },
    "msg": "",
    "success": true
}
2025-05-20 16:16:14,117 - INFO - Task 0d855bc6-10e2-463a-963b-35b132365a3a 未完成, msg: 音频特征提取完成, retrying...
2025-05-20 16:16:22,148 - WARNING - 接口返回 /easy/query, Content-Type 非标准(text/html; charset=utf-8)，尝试手动解析 JSON，内容: {
    "code": 10000,
    "data": {
        "code": "0d855bc6-10e2-463a-963b-35b132365a3a",
        "msg": "音频特征提取完成",
        "progress": 20,
        "result": "",
        "status": 1
    },
    "msg": "",
    "success": true
}
2025-05-20 16:16:22,149 - INFO - Task 0d855bc6-10e2-463a-963b-35b132365a3a 未完成, msg: 音频特征提取完成, retrying...
2025-05-20 16:16:30,127 - WARNING - 接口返回 /easy/query, Content-Type 非标准(text/html; charset=utf-8)，尝试手动解析 JSON，内容: {
    "code": 10000,
    "data": {
        "code": "0d855bc6-10e2-463a-963b-35b132365a3a",
        "msg": "音频特征提取完成",
        "progress": 20,
        "result": "",
        "status": 1
    },
    "msg": "",
    "success": true
}
2025-05-20 16:16:30,128 - INFO - Task 0d855bc6-10e2-463a-963b-35b132365a3a 未完成, msg: 音频特征提取完成, retrying...
2025-05-20 16:16:38,151 - WARNING - 接口返回 /easy/query, Content-Type 非标准(text/html; charset=utf-8)，尝试手动解析 JSON，内容: {
    "code": 10000,
    "data": {
        "code": "0d855bc6-10e2-463a-963b-35b132365a3a",
        "msg": "音频特征提取完成",
        "progress": 20,
        "result": "",
        "status": 1
    },
    "msg": "",
    "success": true
}
2025-05-20 16:16:38,153 - INFO - Task 0d855bc6-10e2-463a-963b-35b132365a3a 未完成, msg: 音频特征提取完成, retrying...
2025-05-20 16:16:46,188 - WARNING - 接口返回 /easy/query, Content-Type 非标准(text/html; charset=utf-8)，尝试手动解析 JSON，内容: {
    "code": 10000,
    "data": {
        "code": "0d855bc6-10e2-463a-963b-35b132365a3a",
        "msg": "音频特征提取完成",
        "progress": 20,
        "result": "",
        "status": 1
    },
    "msg": "",
    "success": true
}
2025-05-20 16:16:46,188 - INFO - Task 0d855bc6-10e2-463a-963b-35b132365a3a 未完成, msg: 音频特征提取完成, retrying...
2025-05-20 16:16:54,188 - WARNING - 接口返回 /easy/query, Content-Type 非标准(text/html; charset=utf-8)，尝试手动解析 JSON，内容: {
    "code": 10000,
    "data": {
        "code": "0d855bc6-10e2-463a-963b-35b132365a3a",
        "msg": "音频特征提取完成",
        "progress": 20,
        "result": "",
        "status": 1
    },
    "msg": "",
    "success": true
}
2025-05-20 16:16:54,188 - INFO - Task 0d855bc6-10e2-463a-963b-35b132365a3a 未完成, msg: 音频特征提取完成, retrying...
2025-05-20 16:17:02,190 - WARNING - 接口返回 /easy/query, Content-Type 非标准(text/html; charset=utf-8)，尝试手动解析 JSON，内容: {
    "code": 10000,
    "data": {
        "code": "0d855bc6-10e2-463a-963b-35b132365a3a",
        "msg": "音频特征提取完成",
        "progress": 20,
        "result": "",
        "status": 1
    },
    "msg": "",
    "success": true
}
2025-05-20 16:17:02,190 - INFO - Task 0d855bc6-10e2-463a-963b-35b132365a3a 未完成, msg: 音频特征提取完成, retrying...
2025-05-20 16:17:10,214 - WARNING - 接口返回 /easy/query, Content-Type 非标准(text/html; charset=utf-8)，尝试手动解析 JSON，内容: {
    "code": 10000,
    "data": {
        "code": "0d855bc6-10e2-463a-963b-35b132365a3a",
        "msg": "音频特征提取完成",
        "progress": 20,
        "result": "",
        "status": 1
    },
    "msg": "",
    "success": true
}
2025-05-20 16:17:10,215 - INFO - Task 0d855bc6-10e2-463a-963b-35b132365a3a 未完成, msg: 音频特征提取完成, retrying...
2025-05-20 16:17:18,241 - WARNING - 接口返回 /easy/query, Content-Type 非标准(text/html; charset=utf-8)，尝试手动解析 JSON，内容: {
    "code": 10000,
    "data": {
        "code": "0d855bc6-10e2-463a-963b-35b132365a3a",
        "msg": "音频特征提取完成",
        "progress": 20,
        "result": "",
        "status": 1
    },
    "msg": "",
    "success": true
}
2025-05-20 16:17:18,242 - INFO - Task 0d855bc6-10e2-463a-963b-35b132365a3a 未完成, msg: 音频特征提取完成, retrying...
2025-05-20 16:17:26,276 - WARNING - 接口返回 /easy/query, Content-Type 非标准(text/html; charset=utf-8)，尝试手动解析 JSON，内容: {
    "code": 10000,
    "data": {
        "code": "0d855bc6-10e2-463a-963b-35b132365a3a",
        "msg": "音频特征提取完成",
        "progress": 20,
        "result": "",
        "status": 1
    },
    "msg": "",
    "success": true
}
2025-05-20 16:17:26,277 - INFO - Task 0d855bc6-10e2-463a-963b-35b132365a3a 未完成, msg: 音频特征提取完成, retrying...
2025-05-20 16:17:34,298 - WARNING - 接口返回 /easy/query, Content-Type 非标准(text/html; charset=utf-8)，尝试手动解析 JSON，内容: {
    "code": 10000,
    "data": {
        "code": "0d855bc6-10e2-463a-963b-35b132365a3a",
        "msg": "音频特征提取完成",
        "progress": 20,
        "result": "",
        "status": 1
    },
    "msg": "",
    "success": true
}
2025-05-20 16:17:34,298 - INFO - Task 0d855bc6-10e2-463a-963b-35b132365a3a 未完成, msg: 音频特征提取完成, retrying...
2025-05-20 16:17:42,306 - WARNING - 接口返回 /easy/query, Content-Type 非标准(text/html; charset=utf-8)，尝试手动解析 JSON，内容: {
    "code": 10000,
    "data": {
        "code": "0d855bc6-10e2-463a-963b-35b132365a3a",
        "msg": "音频特征提取完成",
        "progress": 20,
        "result": "",
        "status": 1
    },
    "msg": "",
    "success": true
}
2025-05-20 16:17:42,307 - INFO - Task 0d855bc6-10e2-463a-963b-35b132365a3a 未完成, msg: 音频特征提取完成, retrying...
2025-05-20 16:17:50,338 - WARNING - 接口返回 /easy/query, Content-Type 非标准(text/html; charset=utf-8)，尝试手动解析 JSON，内容: {
    "code": 10000,
    "data": {
        "code": "0d855bc6-10e2-463a-963b-35b132365a3a",
        "msg": "音频特征提取完成",
        "progress": 20,
        "result": "",
        "status": 1
    },
    "msg": "",
    "success": true
}
2025-05-20 16:17:50,339 - INFO - Task 0d855bc6-10e2-463a-963b-35b132365a3a 未完成, msg: 音频特征提取完成, retrying...
2025-05-20 16:17:58,343 - WARNING - 接口返回 /easy/query, Content-Type 非标准(text/html; charset=utf-8)，尝试手动解析 JSON，内容: {
    "code": 10000,
    "data": {
        "code": "0d855bc6-10e2-463a-963b-35b132365a3a",
        "msg": "音频特征提取完成",
        "progress": 20,
        "result": "",
        "status": 1
    },
    "msg": "",
    "success": true
}
2025-05-20 16:17:58,344 - INFO - Task 0d855bc6-10e2-463a-963b-35b132365a3a 未完成, msg: 音频特征提取完成, retrying...
2025-05-20 16:18:06,344 - WARNING - 接口返回 /easy/query, Content-Type 非标准(text/html; charset=utf-8)，尝试手动解析 JSON，内容: {
    "code": 10000,
    "data": {
        "code": "0d855bc6-10e2-463a-963b-35b132365a3a",
        "msg": "任务完成",
        "progress": 100,
        "result": "/0d855bc6-10e2-463a-963b-35b132365a3a-r.mp4",
        "status": 2
    },
    "msg": "",
    "success": true
}
2025-05-20 16:18:06,353 - INFO - 任务 0d855bc6-10e2-463a-963b-35b132365a3a 状态更新为 success
2025-05-20 16:18:06,844 - INFO - 任务 0d855bc6-10e2-463a-963b-35b132365a3a 的完成时间已更新
2025-05-20 16:18:06,844 - INFO - 任务 0d855bc6-10e2-463a-963b-35b132365a3a 已完成，稍后上传服务器 和回调
2025-05-20 16:18:09,283 - INFO - 文件上传成功
2025-05-20 16:18:09,285 - INFO - 清理文件: D:\heygem_data\face2face\temp\nv.wav, D:\heygem_data\face2face\temp\nv.mp4
2025-05-20 16:26:33,629 - INFO - off
